<?xml version="1.0" encoding="utf-8"?>
<test-run id="2" name="Open-Lab-04.13.dll" fullname="C:/Users/onkom/source/repos/Open-Lab-04.13v2/Open-Lab-04.13/bin/Debug/netcoreapp3.0/Open-Lab-04.13.dll" testcasecount="100" result="Passed" start-time="2021-12-29 08:36:44Z" end-time="2021-12-29 08:36:44Z" duration="0.434887" total="100" passed="100" failed="0" inconclusive="0" skipped="0" asserts="100" random-seed="768272286">
  <command-line><![CDATA[C:\Users\onkom\source\repos\Open-Lab-04.13v2\Open-Lab-04.13\bin\Debug\netcoreapp3.0\Open-Lab-04.13.dll]]></command-line>
  <filter />
  <test-suite type="Assembly" id="1103" name="Open-Lab-04.13.dll" fullname="C:/Users/onkom/source/repos/Open-Lab-04.13v2/Open-Lab-04.13/bin/Debug/netcoreapp3.0/Open-Lab-04.13.dll" runstate="Runnable" testcasecount="100" result="Passed" start-time="2021-12-29 08:36:44Z" end-time="2021-12-29 08:36:44Z" duration="0.434887" total="100" passed="100" failed="0" warnings="0" inconclusive="0" skipped="0" asserts="100">
    <environment framework-version="3.12.0.0" clr-version="3.1.19" os-version="Microsoft Windows 10.0.19042" platform="Win32NT" cwd="C:\Users\onkom\source\repos\Open-Lab-04.13v2\Open-Lab-04.13\bin\Debug\netcoreapp3.0" machine-name="DESKTOP-7OQAPDJ" user="onkom" user-domain="DESKTOP-7OQAPDJ" culture="en-US" uiculture="en-US" os-architecture="x64" />
    <settings>
      <setting name="WorkDirectory" value="C:\Users\onkom\source\repos\Open-Lab-04.13v2\Open-Lab-04.13\bin\Debug\netcoreapp3.0" />
      <setting name="NumberOfTestWorkers" value="4" />
    </settings>
    <properties>
      <property name="_PID" value="21520" />
      <property name="_APPDOMAIN" value="Open-Lab-04.13" />
    </properties>
    <test-suite type="TestSuite" id="1104" name="Open_Lab_04" fullname="Open_Lab_04" runstate="Runnable" testcasecount="100" result="Passed" start-time="2021-12-29 08:36:44Z" end-time="2021-12-29 08:36:44Z" duration="0.409098" total="100" passed="100" failed="0" warnings="0" inconclusive="0" skipped="0" asserts="100">
      <test-suite type="TestSuite" id="1105" name="_13" fullname="Open_Lab_04._13" runstate="Runnable" testcasecount="100" result="Passed" start-time="2021-12-29 08:36:44Z" end-time="2021-12-29 08:36:44Z" duration="0.406490" total="100" passed="100" failed="0" warnings="0" inconclusive="0" skipped="0" asserts="100">
        <test-suite type="TestFixture" id="1000" name="Tests" fullname="Open_Lab_04._13.Tests" classname="Open_Lab_04._13.Tests" runstate="Runnable" testcasecount="100" result="Passed" start-time="2021-12-29 08:36:44Z" end-time="2021-12-29 08:36:44Z" duration="0.393088" total="100" passed="100" failed="0" warnings="0" inconclusive="0" skipped="0" asserts="100">
          <test-suite type="ParameterizedMethod" id="1003" name="GetLongestCommonSequenceTest" fullname="Open_Lab_04._13.Tests.GetLongestCommonSequenceTest" classname="Open_Lab_04._13.Tests" runstate="Runnable" testcasecount="2" result="Passed" start-time="2021-12-29 08:36:44Z" end-time="2021-12-29 08:36:44Z" duration="0.062385" total="2" passed="2" failed="0" warnings="0" inconclusive="0" skipped="0" asserts="2">
            <test-case id="1001" name="GetLongestCommonSequenceTest(&quot;league&quot;,&quot;legends&quot;,[&quot;le&quot;])" fullname="Open_Lab_04._13.Tests.GetLongestCommonSequenceTest(&quot;league&quot;,&quot;legends&quot;,[&quot;le&quot;])" methodname="GetLongestCommonSequenceTest" classname="Open_Lab_04._13.Tests" runstate="Runnable" seed="618555911" result="Passed" start-time="2021-12-29 08:36:44Z" end-time="2021-12-29 08:36:44Z" duration="0.045548" asserts="1" />
            <test-case id="1002" name="GetLongestCommonSequenceTest(&quot;mojstryko&quot;,&quot;cstrike&quot;,[&quot;str&quot;])" fullname="Open_Lab_04._13.Tests.GetLongestCommonSequenceTest(&quot;mojstryko&quot;,&quot;cstrike&quot;,[&quot;str&quot;])" methodname="GetLongestCommonSequenceTest" classname="Open_Lab_04._13.Tests" runstate="Runnable" seed="613388861" result="Passed" start-time="2021-12-29 08:36:44Z" end-time="2021-12-29 08:36:44Z" duration="0.000385" asserts="1" />
          </test-suite>
          <test-suite type="ParameterizedMethod" id="1102" name="GetLongestCommonSequenceTestRandom" fullname="Open_Lab_04._13.Tests.GetLongestCommonSequenceTestRandom" classname="Open_Lab_04._13.Tests" runstate="Runnable" testcasecount="98" result="Passed" start-time="2021-12-29 08:36:44Z" end-time="2021-12-29 08:36:44Z" duration="0.307641" total="98" passed="98" failed="0" warnings="0" inconclusive="0" skipped="0" asserts="98">
            <test-case id="1004" name="GetLongestCommonSequenceTestRandom(&quot;yozulmricivdzzgtwmhnidifbzayejusaedwrnpnqnbwmjnxaxsynopvgutllsetncduwkbixtwucltsmdyhqwfloipxudbxjhijgsbpvjbtsusuabziuxcrxrgoueotszkudklubilhumttpvwsetdmfrlommvquhbskyrqpfgllvwlymyyivoyvyolyxhpnumnlajqefdzmrakvaqanwiytcwljfssxryrijzxciucsomeyeqyghbrlntjdyhzmlcusiclatxfcfgepsmfpulqqhfupqteauphmrlpcexnjvpfhptllbjszmeldhwjztfhpzsygxdkwygvrznzxiszlxhznamuhnnpqhpixvfoyyvafjtdtwmrbgwsrskfkidjlrekjfcbceamchtegiakbwoklxqekzdpvmpoejuouloxfjqkygzbhshocuyloyqdakqprfzxom&quot;,&quot;qhrebhgfeabidealjlizvukwutastgcnvbrhlpweismdycnlrtqlfmuvwukignmxxonbmtatodrdhhyrfobzqqiihvkrfnxufpfkpmzytwxburopwsdsmmghfeuqiioafwxscnctpcgtsgnphvunkfisixelripkiwwytwmipjcjgmozqejnobqaoejejrbhnvlwkpwkimxadylvieunzbwgfvkomizyhvwlbspahyfcdpwpsovewoilyeqofhyzmysicauqotfawudqzuvymuctnkmwbbvazfpfwonstfpcihpebapllanrwzvrnypnyfaqeytkgdehezkfuhuamkozsxixtwevpced&quot;,[&quot;ixtw&quot;, &quot;smdy&quot;])" fullname="Open_Lab_04._13.Tests.GetLongestCommonSequenceTestRandom(&quot;yozulmricivdzzgtwmhnidifbzayejusaedwrnpnqnbwmjnxaxsynopvgutllsetncduwkbixtwucltsmdyhqwfloipxudbxjhijgsbpvjbtsusuabziuxcrxrgoueotszkudklubilhumttpvwsetdmfrlommvquhbskyrqpfgllvwlymyyivoyvyolyxhpnumnlajqefdzmrakvaqanwiytcwljfssxryrijzxciucsomeyeqyghbrlntjdyhzmlcusiclatxfcfgepsmfpulqqhfupqteauphmrlpcexnjvpfhptllbjszmeldhwjztfhpzsygxdkwygvrznzxiszlxhznamuhnnpqhpixvfoyyvafjtdtwmrbgwsrskfkidjlrekjfcbceamchtegiakbwoklxqekzdpvmpoejuouloxfjqkygzbhshocuyloyqdakqprfzxom&quot;,&quot;qhrebhgfeabidealjlizvukwutastgcnvbrhlpweismdycnlrtqlfmuvwukignmxxonbmtatodrdhhyrfobzqqiihvkrfnxufpfkpmzytwxburopwsdsmmghfeuqiioafwxscnctpcgtsgnphvunkfisixelripkiwwytwmipjcjgmozqejnobqaoejejrbhnvlwkpwkimxadylvieunzbwgfvkomizyhvwlbspahyfcdpwpsovewoilyeqofhyzmysicauqotfawudqzuvymuctnkmwbbvazfpfwonstfpcihpebapllanrwzvrnypnyfaqeytkgdehezkfuhuamkozsxixtwevpced&quot;,[&quot;ixtw&quot;, &quot;smdy&quot;])" methodname="GetLongestCommonSequenceTestRandom" classname="Open_Lab_04._13.Tests" runstate="Runnable" seed="1204560507" result="Passed" start-time="2021-12-29 08:36:44Z" end-time="2021-12-29 08:36:44Z" duration="0.015462" asserts="1" />
            <test-case id="1005" name="GetLongestCommonSequenceTestRandom(&quot;zzdheeivfnwopwgdoaorbxhpvrkzircvhzvhqshffenkljdzyrabplfcsomnujmnlbgpbynwtilwkwdlnkbqrafvuspcgukwrzzkdoxzeeigairwkazjivwkvkuijkpyyoekxtiznbmmryvmbsrgvaowdopstoqupkildgyrrawgjjtwpihqsjdxaihidqfykrx&quot;,&quot;qjiuuapuehmtusdkhabghlluzpnauxwrmmgfanwsuisswoolnvrkqrzeynvemoagluhhlxkueimyssykbcnyglavnbhmrsgfilhbhgzqlxgifblgpkckabaztmujqxcmcgqhkwdvcxnjfspmqawhpwfglhhvlpznuugzkevshghcnrubwitpavwgajvcpikmxaolmqblfezjo&quot;,[&quot;vrk&quot;, &quot;kwd&quot;])" fullname="Open_Lab_04._13.Tests.GetLongestCommonSequenceTestRandom(&quot;zzdheeivfnwopwgdoaorbxhpvrkzircvhzvhqshffenkljdzyrabplfcsomnujmnlbgpbynwtilwkwdlnkbqrafvuspcgukwrzzkdoxzeeigairwkazjivwkvkuijkpyyoekxtiznbmmryvmbsrgvaowdopstoqupkildgyrrawgjjtwpihqsjdxaihidqfykrx&quot;,&quot;qjiuuapuehmtusdkhabghlluzpnauxwrmmgfanwsuisswoolnvrkqrzeynvemoagluhhlxkueimyssykbcnyglavnbhmrsgfilhbhgzqlxgifblgpkckabaztmujqxcmcgqhkwdvcxnjfspmqawhpwfglhhvlpznuugzkevshghcnrubwitpavwgajvcpikmxaolmqblfezjo&quot;,[&quot;vrk&quot;, &quot;kwd&quot;])" methodname="GetLongestCommonSequenceTestRandom" classname="Open_Lab_04._13.Tests" runstate="Runnable" seed="1500750998" result="Passed" start-time="2021-12-29 08:36:44Z" end-time="2021-12-29 08:36:44Z" duration="0.000969" asserts="1" />
            <test-case id="1006" name="GetLongestCommonSequenceTestRandom(&quot;ttngzcwkmzyzyaitczwvfmdjofhikwvmryqcojjhqnoommsadlbansxgqertvnzpelizkgetpoerypwbmgfyuuzybkmkrplcnyjbesqwhilyofhaipgpibvkljyzutbadbezfuxt&quot;,&quot;iqmjbkvclcbiwtmdzqvurcogkvmbhvnsnzakibkycwirarhirwgebzyfcgygyuvqoivwtbvyfwsuuwfsoejloirnbuhbceahbscrwkopbiyegdlgagstkjbgrhvyutvbwktbuowdpukgjmhxjbbwlgxsqwaopqvimxiwkjlmjodqzvweaxosrzppnbkyohnzycumekmzpomwcgsvzvorbcqnhsjjznycbeswakaplpcdnsmgioysswxvmhflbcacqjvyovupvygmanzofcbkofjegwktfooioamdxosmujxuqlvzhqfybqnlarrslbkhkxxaawrrkppfipovalmoip&quot;,[&quot;kmz&quot;, &quot;bes&quot;, &quot;sqw&quot;])" fullname="Open_Lab_04._13.Tests.GetLongestCommonSequenceTestRandom(&quot;ttngzcwkmzyzyaitczwvfmdjofhikwvmryqcojjhqnoommsadlbansxgqertvnzpelizkgetpoerypwbmgfyuuzybkmkrplcnyjbesqwhilyofhaipgpibvkljyzutbadbezfuxt&quot;,&quot;iqmjbkvclcbiwtmdzqvurcogkvmbhvnsnzakibkycwirarhirwgebzyfcgygyuvqoivwtbvyfwsuuwfsoejloirnbuhbceahbscrwkopbiyegdlgagstkjbgrhvyutvbwktbuowdpukgjmhxjbbwlgxsqwaopqvimxiwkjlmjodqzvweaxosrzppnbkyohnzycumekmzpomwcgsvzvorbcqnhsjjznycbeswakaplpcdnsmgioysswxvmhflbcacqjvyovupvygmanzofcbkofjegwktfooioamdxosmujxuqlvzhqfybqnlarrslbkhkxxaawrrkppfipovalmoip&quot;,[&quot;kmz&quot;, &quot;bes&quot;, &quot;sqw&quot;])" methodname="GetLongestCommonSequenceTestRandom" classname="Open_Lab_04._13.Tests" runstate="Runnable" seed="837301480" result="Passed" start-time="2021-12-29 08:36:44Z" end-time="2021-12-29 08:36:44Z" duration="0.001400" asserts="1" />
            <test-case id="1007" name="GetLongestCommonSequenceTestRandom(&quot;ymbcfwzbszqktnvykzoolaickcvrzowyupznztlukoxgrfvhfncoubvxeyscaibecrpdohyqotdxdblfhomlmhetubjbbitcmsdapstxolaaxxucnmvmwpsvmwinyxofzbkkylqpvoxagdvwhgopnhfwzhntjfzqxvbwmjdbwfrhssoiamfrjzrrvolqywgppgclczjydmtipxehtesxah&quot;,&quot;ydjayyndzzcslpdgbchoxfjcxjdxtejohzehtykzpiuinfsrpxqustjsuhdpuqkupnkmkwndrhyolaosqlhvnowopmnlvvezyztavfgtknckuuhttlyjiohbqvxyibiwczqmhnwleolamluuetsjwvrkrsjziikjefhuevmfonetdgofaduoiyzhigupdxcwebwgeapjhnvjrxgldeye&quot;,[&quot;ykz&quot;, &quot;ola&quot;, &quot;eht&quot;])" fullname="Open_Lab_04._13.Tests.GetLongestCommonSequenceTestRandom(&quot;ymbcfwzbszqktnvykzoolaickcvrzowyupznztlukoxgrfvhfncoubvxeyscaibecrpdohyqotdxdblfhomlmhetubjbbitcmsdapstxolaaxxucnmvmwpsvmwinyxofzbkkylqpvoxagdvwhgopnhfwzhntjfzqxvbwmjdbwfrhssoiamfrjzrrvolqywgppgclczjydmtipxehtesxah&quot;,&quot;ydjayyndzzcslpdgbchoxfjcxjdxtejohzehtykzpiuinfsrpxqustjsuhdpuqkupnkmkwndrhyolaosqlhvnowopmnlvvezyztavfgtknckuuhttlyjiohbqvxyibiwczqmhnwleolamluuetsjwvrkrsjziikjefhuevmfonetdgofaduoiyzhigupdxcwebwgeapjhnvjrxgldeye&quot;,[&quot;ykz&quot;, &quot;ola&quot;, &quot;eht&quot;])" methodname="GetLongestCommonSequenceTestRandom" classname="Open_Lab_04._13.Tests" runstate="Runnable" seed="173979991" result="Passed" start-time="2021-12-29 08:36:44Z" end-time="2021-12-29 08:36:44Z" duration="0.001675" asserts="1" />
            <test-case id="1008" name="GetLongestCommonSequenceTestRandom(&quot;vaffamxbwbqkipbkibankhvcqqkzimyyyiiaqadosillfyihfavdxrdofcpkbyskcrmzhathxmvcvkxshcuhqvagfuvnlsntqainljaegoglwasvewdyekthqftnfgvezblvbkgxcpbcopkebziopopggawfpnyasbmuoxtuqfwojrtbvolgxhoklfoboahorakndpqefoyjsbwphukbcsdkmbijisfpyhxiggyfygaiifrkiyttqglyxzabggvmiilkeoibwecvrubhjyajzmzrwylhgwzrlnaatgguqsxldqhcxssiglnw&quot;,&quot;tofcbvaekkeubocrftgpnngrijndrlzzdqzsarpxwgtfcivdpqashhvfiourhwnzkeqkokrnejsguaoznjoakgsvvtjmxxpattuyslpezmoxpplizudxhmoemupubeqgtsnafqhcujbxsugfibndussgfqmxvuduwiexckcjmbdylrmrokmzrmmbzgvoekgaggajqjdyydrsouvneuiliddkwcxvonebudreqcbegnbnvtmflik&quot;,[&quot;ofc&quot;, &quot;hcu&quot;, &quot;uvn&quot;, &quot;gga&quot;, &quot;dpq&quot;, ...])" fullname="Open_Lab_04._13.Tests.GetLongestCommonSequenceTestRandom(&quot;vaffamxbwbqkipbkibankhvcqqkzimyyyiiaqadosillfyihfavdxrdofcpkbyskcrmzhathxmvcvkxshcuhqvagfuvnlsntqainljaegoglwasvewdyekthqftnfgvezblvbkgxcpbcopkebziopopggawfpnyasbmuoxtuqfwojrtbvolgxhoklfoboahorakndpqefoyjsbwphukbcsdkmbijisfpyhxiggyfygaiifrkiyttqglyxzabggvmiilkeoibwecvrubhjyajzmzrwylhgwzrlnaatgguqsxldqhcxssiglnw&quot;,&quot;tofcbvaekkeubocrftgpnngrijndrlzzdqzsarpxwgtfcivdpqashhvfiourhwnzkeqkokrnejsguaoznjoakgsvvtjmxxpattuyslpezmoxpplizudxhmoemupubeqgtsnafqhcujbxsugfibndussgfqmxvuduwiexckcjmbdylrmrokmzrmmbzgvoekgaggajqjdyydrsouvneuiliddkwcxvonebudreqcbegnbnvtmflik&quot;,[&quot;ofc&quot;, &quot;hcu&quot;, &quot;uvn&quot;, &quot;gga&quot;, &quot;dpq&quot;, ...])" methodname="GetLongestCommonSequenceTestRandom" classname="Open_Lab_04._13.Tests" runstate="Runnable" seed="752407629" result="Passed" start-time="2021-12-29 08:36:44Z" end-time="2021-12-29 08:36:44Z" duration="0.001787" asserts="1" />
            <test-case id="1009" name="GetLongestCommonSequenceTestRandom(&quot;bvrccqnnmhjkzpylcqwcteeucqpcqrjgdvzylpbaooszeqofubdvliqxrxamalwuydhdpzampwnelfqlcjhpnovvechoppzdrybbjkqvaqgpulmlgojrdhgjhmynrlxawkmnepbrtmoxifatpviafizkrrtxlcdptftjyzhqnryrtjbclfxvdxuolcvmwegqiydcmruqornnjiqhpqmgfhlwleywduujliiugzptlhhmkhecmoxfrzk&quot;,&quot;nhrhtyntwdbbawbqbtuyazldavjpxorlxhhyhhantopgfdcpmgeyembovnhyoyvimpetpdittheljfyxsucrktgkfsduzbzvsgtpzjajxkfxipeppkftve&quot;,[&quot;rlx&quot;])" fullname="Open_Lab_04._13.Tests.GetLongestCommonSequenceTestRandom(&quot;bvrccqnnmhjkzpylcqwcteeucqpcqrjgdvzylpbaooszeqofubdvliqxrxamalwuydhdpzampwnelfqlcjhpnovvechoppzdrybbjkqvaqgpulmlgojrdhgjhmynrlxawkmnepbrtmoxifatpviafizkrrtxlcdptftjyzhqnryrtjbclfxvdxuolcvmwegqiydcmruqornnjiqhpqmgfhlwleywduujliiugzptlhhmkhecmoxfrzk&quot;,&quot;nhrhtyntwdbbawbqbtuyazldavjpxorlxhhyhhantopgfdcpmgeyembovnhyoyvimpetpdittheljfyxsucrktgkfsduzbzvsgtpzjajxkfxipeppkftve&quot;,[&quot;rlx&quot;])" methodname="GetLongestCommonSequenceTestRandom" classname="Open_Lab_04._13.Tests" runstate="Runnable" seed="258268444" result="Passed" start-time="2021-12-29 08:36:44Z" end-time="2021-12-29 08:36:44Z" duration="0.000638" asserts="1" />
            <test-case id="1010" name="GetLongestCommonSequenceTestRandom(&quot;tjtnwaotriitcliyjtttznjcqonfpwfaoiagfvejjqoozwbegmvackzfzqwhmjeudieulbsnpkkizudunjycbexdjvhpywwzmulqrhteuhksaqgemcudkbsylbkpucptnkvfjncfqtiutfdspccwbspkbmeqwdkrsrepuauzaonrtyefyrarzsrvvkdwimjmjqccbnyoidvmfxrdizrecsrzajujxxqnfaicwcdktmjwxepxtaojufkqycbstoqknhheppgfvhkpivcwtwqwihtaqrdtalrewzipwlidtinnuuhcafzwxubgohoxmnekpgtjnmzhondzugfvjasvmvhbxcaowkqfecxobypnfrikrbmibtomvjyuyrlkllldwxvrirulkequmwkwqsmdwekuedpjnecugfntfuzkycbqtdhcgpusyhgrmaneckxfcvohiqqvtcetdubavmcykjvyywhe&quot;,&quot;uhnevnxpatpyyzvcmorznjpizvtaqjmjloyvqohgelvtmzljzvliqfulrffauwyqhgmkbalygkubnwvajkauxesgumdljhmimelgnbizknbflsyukeqjwetcogqowaozxmpilpnicbkkcmubojaeqclhlirgltcjychzcpjvrihuuiabloanzjivaiwcxgxizalaevzyafniurmdiquwt&quot;,[&quot;wao&quot;, &quot;znj&quot;, &quot;jyc&quot;, &quot;jmj&quot;, &quot;taq&quot;, ...])" fullname="Open_Lab_04._13.Tests.GetLongestCommonSequenceTestRandom(&quot;tjtnwaotriitcliyjtttznjcqonfpwfaoiagfvejjqoozwbegmvackzfzqwhmjeudieulbsnpkkizudunjycbexdjvhpywwzmulqrhteuhksaqgemcudkbsylbkpucptnkvfjncfqtiutfdspccwbspkbmeqwdkrsrepuauzaonrtyefyrarzsrvvkdwimjmjqccbnyoidvmfxrdizrecsrzajujxxqnfaicwcdktmjwxepxtaojufkqycbstoqknhheppgfvhkpivcwtwqwihtaqrdtalrewzipwlidtinnuuhcafzwxubgohoxmnekpgtjnmzhondzugfvjasvmvhbxcaowkqfecxobypnfrikrbmibtomvjyuyrlkllldwxvrirulkequmwkwqsmdwekuedpjnecugfntfuzkycbqtdhcgpusyhgrmaneckxfcvohiqqvtcetdubavmcykjvyywhe&quot;,&quot;uhnevnxpatpyyzvcmorznjpizvtaqjmjloyvqohgelvtmzljzvliqfulrffauwyqhgmkbalygkubnwvajkauxesgumdljhmimelgnbizknbflsyukeqjwetcogqowaozxmpilpnicbkkcmubojaeqclhlirgltcjychzcpjvrihuuiabloanzjivaiwcxgxizalaevzyafniurmdiquwt&quot;,[&quot;wao&quot;, &quot;znj&quot;, &quot;jyc&quot;, &quot;jmj&quot;, &quot;taq&quot;, ...])" methodname="GetLongestCommonSequenceTestRandom" classname="Open_Lab_04._13.Tests" runstate="Runnable" seed="597116395" result="Passed" start-time="2021-12-29 08:36:44Z" end-time="2021-12-29 08:36:44Z" duration="0.003532" asserts="1" />
            <test-case id="1011" name="GetLongestCommonSequenceTestRandom(&quot;jpumytsgxllzvtwzwqpbmuwzaivttglapjqwgswffticwvwtgiuehrcptumqyznqzkjlcztetjwtmucemcmkmhtyhbdlfggggrcmmkqhpqkxuidyrhdwmcesrldbwiyncqnurqsbmfvwwvdzxeuxcktdmkubholgrxueuihapbjgghwvheernakrwjihwruxuofybzeoxtibanxfoytdjttqncikaaeyhmlrcxuizptusjqjmctxxroavolyqtnxoktobgcqekdtzzyelyyxghaqxkvolwrgcwfipcigacsnnubwphmsvpqhjcqqkoehtxrcuqojqsxeonc&quot;,&quot;jzyejzkmgxynlsvmxltqcycztdcdslswanglpaytmfwwrbyywlgdtlblwzlgxhtvebnxljwxnaewbfhreeggepdolupqorwelbrpoamnojqthfjqrtctbmqoyymrugivdzkansddrssuzkggkyyvpddykdrpous&quot;,[&quot;czt&quot;, &quot;vdz&quot;, &quot;zye&quot;, &quot;ojq&quot;])" fullname="Open_Lab_04._13.Tests.GetLongestCommonSequenceTestRandom(&quot;jpumytsgxllzvtwzwqpbmuwzaivttglapjqwgswffticwvwtgiuehrcptumqyznqzkjlcztetjwtmucemcmkmhtyhbdlfggggrcmmkqhpqkxuidyrhdwmcesrldbwiyncqnurqsbmfvwwvdzxeuxcktdmkubholgrxueuihapbjgghwvheernakrwjihwruxuofybzeoxtibanxfoytdjttqncikaaeyhmlrcxuizptusjqjmctxxroavolyqtnxoktobgcqekdtzzyelyyxghaqxkvolwrgcwfipcigacsnnubwphmsvpqhjcqqkoehtxrcuqojqsxeonc&quot;,&quot;jzyejzkmgxynlsvmxltqcycztdcdslswanglpaytmfwwrbyywlgdtlblwzlgxhtvebnxljwxnaewbfhreeggepdolupqorwelbrpoamnojqthfjqrtctbmqoyymrugivdzkansddrssuzkggkyyvpddykdrpous&quot;,[&quot;czt&quot;, &quot;vdz&quot;, &quot;zye&quot;, &quot;ojq&quot;])" methodname="GetLongestCommonSequenceTestRandom" classname="Open_Lab_04._13.Tests" runstate="Runnable" seed="704717039" result="Passed" start-time="2021-12-29 08:36:44Z" end-time="2021-12-29 08:36:44Z" duration="0.001446" asserts="1" />
            <test-case id="1012" name="GetLongestCommonSequenceTestRandom(&quot;buphujdzpybiuvpnrggwingzwlpkaopxakteuzlbvzfqcvepndxhowzooqkjtsyajeijbktsvebihqxbhaxxrhidlfqeobicbfhymuncjemkvrgxtjcsuajbveyvtpdtvygcjzommunmuyhuytlfzphbvfcivrjubsoxkeotupgamwgxwexaeyugqfgdwgquktlcjkjuerkjjhozyflruiqcy&quot;,&quot;hexlxoylptlenmucwmolwirhfrvzzcdidbcfwsuwkxrvntrywsmdonlynqffszlnqdbljpfdsrazrvtlzwchpztqqerfnodkleeksgohmikxmmhrwufvxexqjkvfxzqeopnnqjstiuvhpwdexajsihnhgoahkjkmsgixyuanbmnciqbnhqixqxvhbfgcilizkipiogfczvrwtlzqnnauamvukavtnyfqdo&quot;,[&quot;iuv&quot;, &quot;qeo&quot;, &quot;nmu&quot;, &quot;exa&quot;])" fullname="Open_Lab_04._13.Tests.GetLongestCommonSequenceTestRandom(&quot;buphujdzpybiuvpnrggwingzwlpkaopxakteuzlbvzfqcvepndxhowzooqkjtsyajeijbktsvebihqxbhaxxrhidlfqeobicbfhymuncjemkvrgxtjcsuajbveyvtpdtvygcjzommunmuyhuytlfzphbvfcivrjubsoxkeotupgamwgxwexaeyugqfgdwgquktlcjkjuerkjjhozyflruiqcy&quot;,&quot;hexlxoylptlenmucwmolwirhfrvzzcdidbcfwsuwkxrvntrywsmdonlynqffszlnqdbljpfdsrazrvtlzwchpztqqerfnodkleeksgohmikxmmhrwufvxexqjkvfxzqeopnnqjstiuvhpwdexajsihnhgoahkjkmsgixyuanbmnciqbnhqixqxvhbfgcilizkipiogfczvrwtlzqnnauamvukavtnyfqdo&quot;,[&quot;iuv&quot;, &quot;qeo&quot;, &quot;nmu&quot;, &quot;exa&quot;])" methodname="GetLongestCommonSequenceTestRandom" classname="Open_Lab_04._13.Tests" runstate="Runnable" seed="582481875" result="Passed" start-time="2021-12-29 08:36:44Z" end-time="2021-12-29 08:36:44Z" duration="0.001267" asserts="1" />
            <test-case id="1013" name="GetLongestCommonSequenceTestRandom(&quot;zbszblfxvgznqgppvkoyynuynklpbqasfuzpuoyivoanknenyikfoptmgtmqzqwfggiwgauhlfdjnhoafyrsgudpamjbciiesvgdeigxncujmjzyflkbzdyldsvuqtedxyrsalvxrtfdaudrnkwqxgfowvalnmhuxqlnshytqnkgyvlipdggxofqtcvfkkjemlfjiqzgmcakwzqbjrwjgawjlvtplsjfdgtnpbzzeatvouutmuvtnzylowynwjvttugpfclhrwffhbuqbzdqxpseiiytdmdvfacuoeojjnbrusenbhlwgewdcchxdreftjagyacxltgjobjpelswbhoadzrlwrgsjwxkrxoafoknynob&quot;,&quot;stsyiemuadziqbunozsdyygwsqmwbcqkqsexnubskqquprpnpajowxutmvfrrqtynpsxxwztxasihmhabzgbsbntyklsokauxsgzzsqtbqqwemmzoeqrjrflczzmlgfnzykpfhbijnaclqolyldjtjlfmvxatdhukcxgbwtgdhiwqdzlknozcwuqmfckjbpgfgrithkbrxglappjvmpfphroigtwujxbrbqkmqsddmifpipxptpxmkqxpcamnnhizeuzyeweulcczlyarwgauzohktvjqfppfaflnqzkwkcbioxdezvrhgnzpnofjnnovmwzfnmbwvejxnywvrerkxizmgvactbiwofwsyxrnuulbeccoskriweydxnzrlyduvmiicewun&quot;,[&quot;wgau&quot;])" fullname="Open_Lab_04._13.Tests.GetLongestCommonSequenceTestRandom(&quot;zbszblfxvgznqgppvkoyynuynklpbqasfuzpuoyivoanknenyikfoptmgtmqzqwfggiwgauhlfdjnhoafyrsgudpamjbciiesvgdeigxncujmjzyflkbzdyldsvuqtedxyrsalvxrtfdaudrnkwqxgfowvalnmhuxqlnshytqnkgyvlipdggxofqtcvfkkjemlfjiqzgmcakwzqbjrwjgawjlvtplsjfdgtnpbzzeatvouutmuvtnzylowynwjvttugpfclhrwffhbuqbzdqxpseiiytdmdvfacuoeojjnbrusenbhlwgewdcchxdreftjagyacxltgjobjpelswbhoadzrlwrgsjwxkrxoafoknynob&quot;,&quot;stsyiemuadziqbunozsdyygwsqmwbcqkqsexnubskqquprpnpajowxutmvfrrqtynpsxxwztxasihmhabzgbsbntyklsokauxsgzzsqtbqqwemmzoeqrjrflczzmlgfnzykpfhbijnaclqolyldjtjlfmvxatdhukcxgbwtgdhiwqdzlknozcwuqmfckjbpgfgrithkbrxglappjvmpfphroigtwujxbrbqkmqsddmifpipxptpxmkqxpcamnnhizeuzyeweulcczlyarwgauzohktvjqfppfaflnqzkwkcbioxdezvrhgnzpnofjnnovmwzfnmbwvejxnywvrerkxizmgvactbiwofwsyxrnuulbeccoskriweydxnzrlyduvmiicewun&quot;,[&quot;wgau&quot;])" methodname="GetLongestCommonSequenceTestRandom" classname="Open_Lab_04._13.Tests" runstate="Runnable" seed="1454819817" result="Passed" start-time="2021-12-29 08:36:44Z" end-time="2021-12-29 08:36:44Z" duration="0.004143" asserts="1" />
            <test-case id="1014" name="GetLongestCommonSequenceTestRandom(&quot;qcxxidtmkjjaajhsvlxzbvrqgrttlnnxusovgzfwyzotlumzbkjlwoculgqqjzbwvlfhulmvgbbbgxfleusbecagptkzionyysyzpeepxnevnbonaflohzrskzsbbmmrncdozfwzpcdryfsofxydcyqybgopmdnkam&quot;,&quot;lxanvilzfvaufhdvenjpplfmsqgnmotqlxhrfjduqzlcbmjijijwrxrzsnvebymrcjjizmpvkoyqaclghydefwznfizsnzsrmuarcbixsnmcybypbowduimgjvcrmxhkvhegctdgpgmrjxpejjqzdpweitihyqkugcgrxsnhkpnowuwmgyidhiggkayilwhzwrlhqxhrwionbihnxvbaignyva&quot;,[&quot;ion&quot;, &quot;fwz&quot;])" fullname="Open_Lab_04._13.Tests.GetLongestCommonSequenceTestRandom(&quot;qcxxidtmkjjaajhsvlxzbvrqgrttlnnxusovgzfwyzotlumzbkjlwoculgqqjzbwvlfhulmvgbbbgxfleusbecagptkzionyysyzpeepxnevnbonaflohzrskzsbbmmrncdozfwzpcdryfsofxydcyqybgopmdnkam&quot;,&quot;lxanvilzfvaufhdvenjpplfmsqgnmotqlxhrfjduqzlcbmjijijwrxrzsnvebymrcjjizmpvkoyqaclghydefwznfizsnzsrmuarcbixsnmcybypbowduimgjvcrmxhkvhegctdgpgmrjxpejjqzdpweitihyqkugcgrxsnhkpnowuwmgyidhiggkayilwhzwrlhqxhrwionbihnxvbaignyva&quot;,[&quot;ion&quot;, &quot;fwz&quot;])" methodname="GetLongestCommonSequenceTestRandom" classname="Open_Lab_04._13.Tests" runstate="Runnable" seed="1702450209" result="Passed" start-time="2021-12-29 08:36:44Z" end-time="2021-12-29 08:36:44Z" duration="0.007939" asserts="1" />
            <test-case id="1015" name="GetLongestCommonSequenceTestRandom(&quot;xtewoiorejpwirqhyttebsllquhqpdmlpqjxrmzfnqcdhysjrzpecvfeitgtaxbawegrhspltorlphdrcyzqoijulfpxggepocgdsbbyjdkndtpbqorcylmoumfcdsenjcwnazyawahkxvqrpnhrocqdpsifvzvryxebxcaqpqfyebqzwnmpknyhlsxhqtfweplzqptmnqbywr&quot;,&quot;nbjjhmfglzxpfesawljuopqihtaculakttjfhkxjyjaataohuqfmnxkxlacomdlzymvlvmtmozveppogfshegnxwilughjxvyabhecmhxsyncgivmvjuvhtlpzdjsneecagpnhccfagnpjtcdztmaczqgqsfzdpkotlczshetgpvafwffafstreabqixpwcbkwzvyrdkrpttmdpbumzyywqwolbjkkowdoldgahoxubdylnxahccwecofcgmqtahbxpysmutfladvnydxdjdhlzzlwxduuyeutcavpfomjxldzssedomkwzpxpmvoqzlnwjblxhiyvqyoowmefzrfltxundfcjzvjlygqrhgvgopgbajtarjrifbdlhyucgovuocpqvnxtwzwersmumbsqebfwcejjmtzaulmxtcfelxmgfztolapevepnxtnqdogdzvjgfoajwofgpzrdluxmdvfpvzaapoawrjhjpn&quot;,[&quot;hkx&quot;, &quot;pnh&quot;])" fullname="Open_Lab_04._13.Tests.GetLongestCommonSequenceTestRandom(&quot;xtewoiorejpwirqhyttebsllquhqpdmlpqjxrmzfnqcdhysjrzpecvfeitgtaxbawegrhspltorlphdrcyzqoijulfpxggepocgdsbbyjdkndtpbqorcylmoumfcdsenjcwnazyawahkxvqrpnhrocqdpsifvzvryxebxcaqpqfyebqzwnmpknyhlsxhqtfweplzqptmnqbywr&quot;,&quot;nbjjhmfglzxpfesawljuopqihtaculakttjfhkxjyjaataohuqfmnxkxlacomdlzymvlvmtmozveppogfshegnxwilughjxvyabhecmhxsyncgivmvjuvhtlpzdjsneecagpnhccfagnpjtcdztmaczqgqsfzdpkotlczshetgpvafwffafstreabqixpwcbkwzvyrdkrpttmdpbumzyywqwolbjkkowdoldgahoxubdylnxahccwecofcgmqtahbxpysmutfladvnydxdjdhlzzlwxduuyeutcavpfomjxldzssedomkwzpxpmvoqzlnwjblxhiyvqyoowmefzrfltxundfcjzvjlygqrhgvgopgbajtarjrifbdlhyucgovuocpqvnxtwzwersmumbsqebfwcejjmtzaulmxtcfelxmgfztolapevepnxtnqdogdzvjgfoajwofgpzrdluxmdvfpvzaapoawrjhjpn&quot;,[&quot;hkx&quot;, &quot;pnh&quot;])" methodname="GetLongestCommonSequenceTestRandom" classname="Open_Lab_04._13.Tests" runstate="Runnable" seed="1769321197" result="Passed" start-time="2021-12-29 08:36:44Z" end-time="2021-12-29 08:36:44Z" duration="0.005854" asserts="1" />
            <test-case id="1016" name="GetLongestCommonSequenceTestRandom(&quot;xzfhgyiyxbjfiruzdqulgnauiojpgrioylzmxnyqmbcyfirfwjdsvcckzlzspssgtvhwribqsdyfkbpzwdtwopsvjpmmnfbtiwfjbvnnhnasdwzyvawlzvseclmbvpcmbfwnwfyaqfpaoasnpoqnipuneahqimssknqyzlbqcvvtgrpbszlhyodmkjjvyhsdnwpakundmalntahmlfxialtwkenqcgsudrfjborylhuyd&quot;,&quot;skbwkskjdcdtqggxbfhrjcvxkwoyxsqustldofwzjtodgixkrogorlgqoemnemmkliaxudiwjihpnsrcydgimcdhmvoktjuxhdrxhaqofkfidqcwmjobfdyjetkzoydankijauvxnsdcxudwtsxjutsefhsoqrzghevtisvsoqnmzwmkpogwatftseetbghwtwvszknawfueffejviyclcgnzcbeocrhjrtdaukfafavybnnzvxsiflqqhsxjjlunnuolbibxsbfckoxoneteyyegdmtbnwrughlgzbymwvqdfogsuivfsppoqhioozjvklvcdrplfghdhaaogagfbmbqswprtkxwlv&quot;,[&quot;bqs&quot;, &quot;poq&quot;, &quot;oqn&quot;, &quot;gsu&quot;])" fullname="Open_Lab_04._13.Tests.GetLongestCommonSequenceTestRandom(&quot;xzfhgyiyxbjfiruzdqulgnauiojpgrioylzmxnyqmbcyfirfwjdsvcckzlzspssgtvhwribqsdyfkbpzwdtwopsvjpmmnfbtiwfjbvnnhnasdwzyvawlzvseclmbvpcmbfwnwfyaqfpaoasnpoqnipuneahqimssknqyzlbqcvvtgrpbszlhyodmkjjvyhsdnwpakundmalntahmlfxialtwkenqcgsudrfjborylhuyd&quot;,&quot;skbwkskjdcdtqggxbfhrjcvxkwoyxsqustldofwzjtodgixkrogorlgqoemnemmkliaxudiwjihpnsrcydgimcdhmvoktjuxhdrxhaqofkfidqcwmjobfdyjetkzoydankijauvxnsdcxudwtsxjutsefhsoqrzghevtisvsoqnmzwmkpogwatftseetbghwtwvszknawfueffejviyclcgnzcbeocrhjrtdaukfafavybnnzvxsiflqqhsxjjlunnuolbibxsbfckoxoneteyyegdmtbnwrughlgzbymwvqdfogsuivfsppoqhioozjvklvcdrplfghdhaaogagfbmbqswprtkxwlv&quot;,[&quot;bqs&quot;, &quot;poq&quot;, &quot;oqn&quot;, &quot;gsu&quot;])" methodname="GetLongestCommonSequenceTestRandom" classname="Open_Lab_04._13.Tests" runstate="Runnable" seed="460550739" result="Passed" start-time="2021-12-29 08:36:44Z" end-time="2021-12-29 08:36:44Z" duration="0.002409" asserts="1" />
            <test-case id="1017" name="GetLongestCommonSequenceTestRandom(&quot;usdodsjzlhmgqhthntetyjfkgbxsvilrmhfwcmcmsmqifqzkacjdgculnthbvrecwuuibxfbqrbltweqcnrszhkknuijebrbinllvqjdxhmpbjsqorzhzldpjkvgovxpazcfktvldovrvvjecrunbjcxkwblvcobkxobgmgvvodkpmtnarexbknqxfvorjpbatgyghxplyrmfrhxcnkdyqazjyearremycjvfvhttplctbkfxxldymcjthpidxxttfodimshgrkjfxfinydugbnmazcxgypwrriomhxledwhbtevbhuftcnsrbdijubibnrnprvgarqcefkgvhwzekcpeqwkepcjcofobrfklnecmknmrwmcybdrkcizukclpgaqawfe&quot;,&quot;mnqfacuckticzlakndzigpalsmgjxluqiamnnlkanwkruipuzfmsgvuxnenowlfyyruzznwctyvkejrjwlkrzbkmgoaiyvecrlscoqvmjkzhajsdndrkanzwg&quot;,[&quot;ecr&quot;, &quot;drk&quot;])" fullname="Open_Lab_04._13.Tests.GetLongestCommonSequenceTestRandom(&quot;usdodsjzlhmgqhthntetyjfkgbxsvilrmhfwcmcmsmqifqzkacjdgculnthbvrecwuuibxfbqrbltweqcnrszhkknuijebrbinllvqjdxhmpbjsqorzhzldpjkvgovxpazcfktvldovrvvjecrunbjcxkwblvcobkxobgmgvvodkpmtnarexbknqxfvorjpbatgyghxplyrmfrhxcnkdyqazjyearremycjvfvhttplctbkfxxldymcjthpidxxttfodimshgrkjfxfinydugbnmazcxgypwrriomhxledwhbtevbhuftcnsrbdijubibnrnprvgarqcefkgvhwzekcpeqwkepcjcofobrfklnecmknmrwmcybdrkcizukclpgaqawfe&quot;,&quot;mnqfacuckticzlakndzigpalsmgjxluqiamnnlkanwkruipuzfmsgvuxnenowlfyyruzznwctyvkejrjwlkrzbkmgoaiyvecrlscoqvmjkzhajsdndrkanzwg&quot;,[&quot;ecr&quot;, &quot;drk&quot;])" methodname="GetLongestCommonSequenceTestRandom" classname="Open_Lab_04._13.Tests" runstate="Runnable" seed="97914018" result="Passed" start-time="2021-12-29 08:36:44Z" end-time="2021-12-29 08:36:44Z" duration="0.001404" asserts="1" />
            <test-case id="1018" name="GetLongestCommonSequenceTestRandom(&quot;skmndxutstrovgqxiocdmwwxvueubdlvvgxkavgcmgrzmyiltdfluduwopsjsasohvtoigxnhzqffxlxmsayyabsmawlcxjlocrqfudmfsdumorrdvwaatqhuabhkmkjqfrdfurrposgwgfxjehhajlulkvesvcsitehxoljdfklbkkoveyffcigtwrvynzumzydcxzvtxdvzztbzhinxwnf&quot;,&quot;xnbwqkqgqzbmhmxfcmhynhucpvqelxpmssekyycnmpiaspsvkiukfgxptygvtmuskptphngekumxyukacvtccfgmuoqzrhtauppcvcnxbpzluzqzogsytsqeihuswhndbldiehezhwamfurvyrllouhbzluoivaucwkiwhugbsrxsdynpzuewcogebjsnqrmvgkikjzqxejvdkjwmgziavxaieeuybtkafbltqdgaehsssdurmghrilaijageervlyvyjydwcs&quot;,[&quot;sdu&quot;, &quot;fur&quot;, &quot;rvy&quot;])" fullname="Open_Lab_04._13.Tests.GetLongestCommonSequenceTestRandom(&quot;skmndxutstrovgqxiocdmwwxvueubdlvvgxkavgcmgrzmyiltdfluduwopsjsasohvtoigxnhzqffxlxmsayyabsmawlcxjlocrqfudmfsdumorrdvwaatqhuabhkmkjqfrdfurrposgwgfxjehhajlulkvesvcsitehxoljdfklbkkoveyffcigtwrvynzumzydcxzvtxdvzztbzhinxwnf&quot;,&quot;xnbwqkqgqzbmhmxfcmhynhucpvqelxpmssekyycnmpiaspsvkiukfgxptygvtmuskptphngekumxyukacvtccfgmuoqzrhtauppcvcnxbpzluzqzogsytsqeihuswhndbldiehezhwamfurvyrllouhbzluoivaucwkiwhugbsrxsdynpzuewcogebjsnqrmvgkikjzqxejvdkjwmgziavxaieeuybtkafbltqdgaehsssdurmghrilaijageervlyvyjydwcs&quot;,[&quot;sdu&quot;, &quot;fur&quot;, &quot;rvy&quot;])" methodname="GetLongestCommonSequenceTestRandom" classname="Open_Lab_04._13.Tests" runstate="Runnable" seed="881636900" result="Passed" start-time="2021-12-29 08:36:44Z" end-time="2021-12-29 08:36:44Z" duration="0.001779" asserts="1" />
            <test-case id="1019" name="GetLongestCommonSequenceTestRandom(&quot;vofipbkclvltstbdjpxbvnmgtxfltjjeyapmdbkfubfzzfcehvtheqmibyosvzjcmhurdpzheshuhmhouadypczinhkemsjusdnskkasvmcmisbpqaxvwkmkhmewevvmjnbdzpdjzkddznzvfvolunyhrdlygeoaqqdvqypbxovlhiktmjqjhjrvoumwefcvwdmjkeehfmogsmzisrlxneshyhgwlswslapewa&quot;,&quot;ifjduvkdcuddmtfhrkflcxhvnpvvrwvmsicsebymneechojyftytroglxnqezolfyrleqmdqlsxysenygwpyycudbruqkumyszepdfitpiiyristzsycznhwwhdzrnfrgyftaxuaowiptwmtybqswkzfritwbjbcdqssczscxxocercaujaqwmvwyabsexzfvgmcetqziovyvxazfscrikfqvvucxaxzyjhxfzvatbhirwabzc&quot;,[&quot;eqm&quot;, &quot;lxn&quot;])" fullname="Open_Lab_04._13.Tests.GetLongestCommonSequenceTestRandom(&quot;vofipbkclvltstbdjpxbvnmgtxfltjjeyapmdbkfubfzzfcehvtheqmibyosvzjcmhurdpzheshuhmhouadypczinhkemsjusdnskkasvmcmisbpqaxvwkmkhmewevvmjnbdzpdjzkddznzvfvolunyhrdlygeoaqqdvqypbxovlhiktmjqjhjrvoumwefcvwdmjkeehfmogsmzisrlxneshyhgwlswslapewa&quot;,&quot;ifjduvkdcuddmtfhrkflcxhvnpvvrwvmsicsebymneechojyftytroglxnqezolfyrleqmdqlsxysenygwpyycudbruqkumyszepdfitpiiyristzsycznhwwhdzrnfrgyftaxuaowiptwmtybqswkzfritwbjbcdqssczscxxocercaujaqwmvwyabsexzfvgmcetqziovyvxazfscrikfqvvucxaxzyjhxfzvatbhirwabzc&quot;,[&quot;eqm&quot;, &quot;lxn&quot;])" methodname="GetLongestCommonSequenceTestRandom" classname="Open_Lab_04._13.Tests" runstate="Runnable" seed="19720064" result="Passed" start-time="2021-12-29 08:36:44Z" end-time="2021-12-29 08:36:44Z" duration="0.004221" asserts="1" />
            <test-case id="1020" name="GetLongestCommonSequenceTestRandom(&quot;mvhwkbvhizobhqvamqdugxbyhdwzzvscvoldqmwwjsnaeazrvvnkwhgpuiphewhngmgtfrjzuhknkaugdeddhhgniwjixormkzusugmemoqpwsftoieasdfzgsljhbcfpyckgcmxszrtqqqprpuokruhuvmbucwkmlzypunmvhhslmipcvssgnuydvplplcqdhgfrrawcitdjbvhnxzzkddzqautfcwkeroefcxkuwqyurpcahysmcfadhoqwgrzliysmqckzoennefzlstxedyclobxognnfqm&quot;,&quot;txqjfotxxrmycpfentvijvgxpevsarixstgockrqkbetcdvzbjaluebxqsuasawgjpgjjqbcbfyirmvljwrrqxcnrixjqrxkexkmxmqkhxjpgsfdxirvieplnsrassmkhoetciowggjtnmhydumhzcbzhyzeuqrpkzhsombptupbvwyalsxyfflfmeldijcqpuiofokrtwnemzelaztcstjfncfkaxgjszmanjvwigfirgtnzadjqzxvkdadjaqwqelnmexqdwumoaogirkztxt&quot;,[&quot;pui&quot;, &quot;okr&quot;])" fullname="Open_Lab_04._13.Tests.GetLongestCommonSequenceTestRandom(&quot;mvhwkbvhizobhqvamqdugxbyhdwzzvscvoldqmwwjsnaeazrvvnkwhgpuiphewhngmgtfrjzuhknkaugdeddhhgniwjixormkzusugmemoqpwsftoieasdfzgsljhbcfpyckgcmxszrtqqqprpuokruhuvmbucwkmlzypunmvhhslmipcvssgnuydvplplcqdhgfrrawcitdjbvhnxzzkddzqautfcwkeroefcxkuwqyurpcahysmcfadhoqwgrzliysmqckzoennefzlstxedyclobxognnfqm&quot;,&quot;txqjfotxxrmycpfentvijvgxpevsarixstgockrqkbetcdvzbjaluebxqsuasawgjpgjjqbcbfyirmvljwrrqxcnrixjqrxkexkmxmqkhxjpgsfdxirvieplnsrassmkhoetciowggjtnmhydumhzcbzhyzeuqrpkzhsombptupbvwyalsxyfflfmeldijcqpuiofokrtwnemzelaztcstjfncfkaxgjszmanjvwigfirgtnzadjqzxvkdadjaqwqelnmexqdwumoaogirkztxt&quot;,[&quot;pui&quot;, &quot;okr&quot;])" methodname="GetLongestCommonSequenceTestRandom" classname="Open_Lab_04._13.Tests" runstate="Runnable" seed="1281538025" result="Passed" start-time="2021-12-29 08:36:44Z" end-time="2021-12-29 08:36:44Z" duration="0.002137" asserts="1" />
            <test-case id="1021" name="GetLongestCommonSequenceTestRandom(&quot;cqpkjsnipisnvgavdmfufkhkoturprcskskvomhljmxfiblcrowgrynrjfvpyvsygzccvegqfuktnccniraauwblftmjqsnntzzizjhmhgbxotdgdihgvrdkyqwbrxznhwaodunyjnsoudxlpggikgsbvpjjmfukhoprtpdjvixhyppuslllrqcbeysokemdsihgofsacxncjkcgzoqbujsqlonvwpyqwtoqijgmtkiudastvmowoljjqquzswenywgpwmyqhdijaymlwuajabbkjezrohuwguvgucxinypldajseicywunwvvfrnhbailcfcfruxrvbmqhjvhnfewzlhylywfvgwpcrxdpyribezlkenwvftwvmmrydtsxrwofxoqm&quot;,&quot;roovvvmvohkajpmatpfffmeyljikgmpxkenfhzrqfcomhxhhceezlgmfkpklncpcsnqfbhstyoacxsqobahbiqldriuspfdcnmuugcfulkawfjhrzvjmunubbmnsnadskyplywhzvnpxpoxibcstvrizsssuomhlgimhtvtdokrgywlmpfrkijxtpqtfdnligeqhcpofjpflabbvhffivwdxktrdcozbyiztgdkzrlaselsopyyyicmjatwjykcuqemrbhodvfrkvkszadoepatwwqsmhabgigcazbmhjvdclcnqaxjuwyfpkqulobwuelbpiszyqhvuxqkuccmjrgkkbnpigbshyjxaaxhixkdpdkrtfajmp&quot;,[&quot;omhl&quot;])" fullname="Open_Lab_04._13.Tests.GetLongestCommonSequenceTestRandom(&quot;cqpkjsnipisnvgavdmfufkhkoturprcskskvomhljmxfiblcrowgrynrjfvpyvsygzccvegqfuktnccniraauwblftmjqsnntzzizjhmhgbxotdgdihgvrdkyqwbrxznhwaodunyjnsoudxlpggikgsbvpjjmfukhoprtpdjvixhyppuslllrqcbeysokemdsihgofsacxncjkcgzoqbujsqlonvwpyqwtoqijgmtkiudastvmowoljjqquzswenywgpwmyqhdijaymlwuajabbkjezrohuwguvgucxinypldajseicywunwvvfrnhbailcfcfruxrvbmqhjvhnfewzlhylywfvgwpcrxdpyribezlkenwvftwvmmrydtsxrwofxoqm&quot;,&quot;roovvvmvohkajpmatpfffmeyljikgmpxkenfhzrqfcomhxhhceezlgmfkpklncpcsnqfbhstyoacxsqobahbiqldriuspfdcnmuugcfulkawfjhrzvjmunubbmnsnadskyplywhzvnpxpoxibcstvrizsssuomhlgimhtvtdokrgywlmpfrkijxtpqtfdnligeqhcpofjpflabbvhffivwdxktrdcozbyiztgdkzrlaselsopyyyicmjatwjykcuqemrbhodvfrkvkszadoepatwwqsmhabgigcazbmhjvdclcnqaxjuwyfpkqulobwuelbpiszyqhvuxqkuccmjrgkkbnpigbshyjxaaxhixkdpdkrtfajmp&quot;,[&quot;omhl&quot;])" methodname="GetLongestCommonSequenceTestRandom" classname="Open_Lab_04._13.Tests" runstate="Runnable" seed="1761898057" result="Passed" start-time="2021-12-29 08:36:44Z" end-time="2021-12-29 08:36:44Z" duration="0.008439" asserts="1" />
            <test-case id="1022" name="GetLongestCommonSequenceTestRandom(&quot;cxaroudrsponvotkueudlhcvgqvvcgsgsmgzzijnfgroapodavgermbuvfkxzhomwhvjhtklvhyepnuqcsuhanogkmetylnxsfrtuevhkujknwfhltvgmgljspzvprmktamjwawxwnwfeesnhxiephkluiaffarthzqnkvlkxxjzjgenwloriiumpapnaqswvdxfofdlmxhrxlbnemiumakzedxjfxjgfndgjyzricfkadpezcinhykvsxbkhtgonaljivefnrljuayboskdpwyhdhnlxojowrwargwexda&quot;,&quot;mabsyzwpiczrbefahthzhwmcdyjiwgflwhvcgvmxruftsfymavwevajpnypaqoscxnvtjdulgjimrtjyaxhbjapvyfphgmhccdwfjedwblymsxyuprzsgrswxavdomfubfknweovtlzycdcbhusomovlkahjjaiofeknnlykcezvruuuxuwtuqhnjycvxfmtcksxtpnwwhmipatqfmlodpuowxdoicnxrfthbwbigzxmezxjflqkuypmqebvlzntupqjgmpjlcheshkxzujwmddtqgqxvfxhmdspjndswgzrqluitevrqqhqlwtzvsoffaropvomqqafeldfmidrjfrvwbdmudxdstlqtgtxp&quot;,[&quot;ffar&quot;])" fullname="Open_Lab_04._13.Tests.GetLongestCommonSequenceTestRandom(&quot;cxaroudrsponvotkueudlhcvgqvvcgsgsmgzzijnfgroapodavgermbuvfkxzhomwhvjhtklvhyepnuqcsuhanogkmetylnxsfrtuevhkujknwfhltvgmgljspzvprmktamjwawxwnwfeesnhxiephkluiaffarthzqnkvlkxxjzjgenwloriiumpapnaqswvdxfofdlmxhrxlbnemiumakzedxjfxjgfndgjyzricfkadpezcinhykvsxbkhtgonaljivefnrljuayboskdpwyhdhnlxojowrwargwexda&quot;,&quot;mabsyzwpiczrbefahthzhwmcdyjiwgflwhvcgvmxruftsfymavwevajpnypaqoscxnvtjdulgjimrtjyaxhbjapvyfphgmhccdwfjedwblymsxyuprzsgrswxavdomfubfknweovtlzycdcbhusomovlkahjjaiofeknnlykcezvruuuxuwtuqhnjycvxfmtcksxtpnwwhmipatqfmlodpuowxdoicnxrfthbwbigzxmezxjflqkuypmqebvlzntupqjgmpjlcheshkxzujwmddtqgqxvfxhmdspjndswgzrqluitevrqqhqlwtzvsoffaropvomqqafeldfmidrjfrvwbdmudxdstlqtgtxp&quot;,[&quot;ffar&quot;])" methodname="GetLongestCommonSequenceTestRandom" classname="Open_Lab_04._13.Tests" runstate="Runnable" seed="1607319646" result="Passed" start-time="2021-12-29 08:36:44Z" end-time="2021-12-29 08:36:44Z" duration="0.004907" asserts="1" />
            <test-case id="1023" name="GetLongestCommonSequenceTestRandom(&quot;azqcmztonnowvaiwsnsbrntwmkamlfpfbaerftodsgpjpwylhxnffosnftpczhchyivvvqryyojlxjhqmoeosjanhrmmemdldilgacpqfphqegqwlypkcopoiineeftmlyhpxaqjzoiccjibbpafwsipswyspllavufgzayliglnfmmyzmdpeopspswbbxunchhhecbarowqhujfkasdiwvhfnqhexkklxlyffuxkdxqrykuirrbfrffla&quot;,&quot;qluvtemejjlzeguseyfphcwymgjfusfmfddmqhemftblxrmukyaggkuopwinvgkrdyuacicxutknblavtovwrzgvjoxuyqryjjhzwlsbwdmmzgndvntglnaerzq&quot;,[&quot;aer&quot;, &quot;qry&quot;, &quot;fph&quot;, &quot;lav&quot;, &quot;gln&quot;, ...])" fullname="Open_Lab_04._13.Tests.GetLongestCommonSequenceTestRandom(&quot;azqcmztonnowvaiwsnsbrntwmkamlfpfbaerftodsgpjpwylhxnffosnftpczhchyivvvqryyojlxjhqmoeosjanhrmmemdldilgacpqfphqegqwlypkcopoiineeftmlyhpxaqjzoiccjibbpafwsipswyspllavufgzayliglnfmmyzmdpeopspswbbxunchhhecbarowqhujfkasdiwvhfnqhexkklxlyffuxkdxqrykuirrbfrffla&quot;,&quot;qluvtemejjlzeguseyfphcwymgjfusfmfddmqhemftblxrmukyaggkuopwinvgkrdyuacicxutknblavtovwrzgvjoxuyqryjjhzwlsbwdmmzgndvntglnaerzq&quot;,[&quot;aer&quot;, &quot;qry&quot;, &quot;fph&quot;, &quot;lav&quot;, &quot;gln&quot;, ...])" methodname="GetLongestCommonSequenceTestRandom" classname="Open_Lab_04._13.Tests" runstate="Runnable" seed="442195953" result="Passed" start-time="2021-12-29 08:36:44Z" end-time="2021-12-29 08:36:44Z" duration="0.000706" asserts="1" />
            <test-case id="1024" name="GetLongestCommonSequenceTestRandom(&quot;lhyebmerdbyhvtznmtvdbtylwknvjdixuepoeikncvauomkromrxdnmsinhryiizsamrdkjejiafsewkzvhxmluhsxfqatotnabnztoddmovngzerwsdblnhgfzgesdptgsrdilfgdtzwzumxbzdalscntgtuhykjybgnibilmwxrolhlmjdtapinpejbrlyfjqyxnypaqsoovlyizihyvrijtsydrgtbxrhymkxotcchatsdfacjdzjshoevzlikymrdeavpktfsoaizauxrekxxioryfcohusjocozfenykureggevforf&quot;,&quot;otvpjxjiexyvruxlurmqlncqkksagitcmvziskwhdqgxsiplhjlwepcaqeeyfibvdvjvuotjvfmvhfycvgtxxwxxtysngybvoktwztrtpbbzchtlgccypexhylbvwfdwdrgwlbccoahwvyumfghdvdgkmmynrwwkxewlawzezakowblzqpppxzaakwkzdpkrdxyqcjmihdevsrolaywchhmxdvaemzbjqslycvxhcghuvfhthyzethkvkbmgjhwhcufzfpjebpzazrcyngwoawqiipnairxvkasazinsouddhkwsyosclihfe&quot;,[&quot;wkz&quot;, &quot;rol&quot;, &quot;yvr&quot;, &quot;drg&quot;])" fullname="Open_Lab_04._13.Tests.GetLongestCommonSequenceTestRandom(&quot;lhyebmerdbyhvtznmtvdbtylwknvjdixuepoeikncvauomkromrxdnmsinhryiizsamrdkjejiafsewkzvhxmluhsxfqatotnabnztoddmovngzerwsdblnhgfzgesdptgsrdilfgdtzwzumxbzdalscntgtuhykjybgnibilmwxrolhlmjdtapinpejbrlyfjqyxnypaqsoovlyizihyvrijtsydrgtbxrhymkxotcchatsdfacjdzjshoevzlikymrdeavpktfsoaizauxrekxxioryfcohusjocozfenykureggevforf&quot;,&quot;otvpjxjiexyvruxlurmqlncqkksagitcmvziskwhdqgxsiplhjlwepcaqeeyfibvdvjvuotjvfmvhfycvgtxxwxxtysngybvoktwztrtpbbzchtlgccypexhylbvwfdwdrgwlbccoahwvyumfghdvdgkmmynrwwkxewlawzezakowblzqpppxzaakwkzdpkrdxyqcjmihdevsrolaywchhmxdvaemzbjqslycvxhcghuvfhthyzethkvkbmgjhwhcufzfpjebpzazrcyngwoawqiipnairxvkasazinsouddhkwsyosclihfe&quot;,[&quot;wkz&quot;, &quot;rol&quot;, &quot;yvr&quot;, &quot;drg&quot;])" methodname="GetLongestCommonSequenceTestRandom" classname="Open_Lab_04._13.Tests" runstate="Runnable" seed="376226509" result="Passed" start-time="2021-12-29 08:36:44Z" end-time="2021-12-29 08:36:44Z" duration="0.002274" asserts="1" />
            <test-case id="1025" name="GetLongestCommonSequenceTestRandom(&quot;rqbiwkreqzzcyftezftnbxtucuyujbsmwcqxqfysmctxtwpmjgibmrvtxggblwvohmgwownuhaaydwbfelkcsqafgxzkywhphfpgqtyntoulqxpbfaxamsvqlaprwdvltlqyguplnxjewoojhyeyzgdpjzvpdgrptisegqukllnpiruwmgjxywmmibpgzaigftknwkcqeunntngreydxwuqwwfvfbolkdgjohhabestejytuuxbaxkjkdnqqowppickneskxxbseblnxmblemknswyltqjnhddwhogqbnecvsfjrasenlldxorqfgqhonlaypfjgkjqhhrarputxfawszyswplvwxohhelbujxcbuvqxrypmxjinoiyrmmqzouksjtmesynixuydivfrvizngusvmkhxgcnzkxnylluyvaqtkvirgzeguxmpaqrhqqbuhys&quot;,&quot;hgfjnbsgdzlrbqqhyhenkxyutmheyvmmcyjauusteglafagaauwatfzkikqatnhinzpdgqmdoliemxpsgheezltxyzrkerarydnglctkisliwvyluxumidibgsehycyxkrfijihdnuwgakadbgphxoivvmatxmlgtoxfppblpqyohbavrbfsmrawikmxingajpmmnvnledrgpuotlfcwgstcobxfdedckxfroohvnuniztgnvtldlkuqwkymyiizapwspwexx&quot;,[&quot;pdg&quot;, &quot;uqw&quot;, &quot;ste&quot;, &quot;rar&quot;])" fullname="Open_Lab_04._13.Tests.GetLongestCommonSequenceTestRandom(&quot;rqbiwkreqzzcyftezftnbxtucuyujbsmwcqxqfysmctxtwpmjgibmrvtxggblwvohmgwownuhaaydwbfelkcsqafgxzkywhphfpgqtyntoulqxpbfaxamsvqlaprwdvltlqyguplnxjewoojhyeyzgdpjzvpdgrptisegqukllnpiruwmgjxywmmibpgzaigftknwkcqeunntngreydxwuqwwfvfbolkdgjohhabestejytuuxbaxkjkdnqqowppickneskxxbseblnxmblemknswyltqjnhddwhogqbnecvsfjrasenlldxorqfgqhonlaypfjgkjqhhrarputxfawszyswplvwxohhelbujxcbuvqxrypmxjinoiyrmmqzouksjtmesynixuydivfrvizngusvmkhxgcnzkxnylluyvaqtkvirgzeguxmpaqrhqqbuhys&quot;,&quot;hgfjnbsgdzlrbqqhyhenkxyutmheyvmmcyjauusteglafagaauwatfzkikqatnhinzpdgqmdoliemxpsgheezltxyzrkerarydnglctkisliwvyluxumidibgsehycyxkrfijihdnuwgakadbgphxoivvmatxmlgtoxfppblpqyohbavrbfsmrawikmxingajpmmnvnledrgpuotlfcwgstcobxfdedckxfroohvnuniztgnvtldlkuqwkymyiizapwspwexx&quot;,[&quot;pdg&quot;, &quot;uqw&quot;, &quot;ste&quot;, &quot;rar&quot;])" methodname="GetLongestCommonSequenceTestRandom" classname="Open_Lab_04._13.Tests" runstate="Runnable" seed="1817245976" result="Passed" start-time="2021-12-29 08:36:44Z" end-time="2021-12-29 08:36:44Z" duration="0.002449" asserts="1" />
            <test-case id="1026" name="GetLongestCommonSequenceTestRandom(&quot;imekcuujjjtzqadoveqvxfmoikwoxzoogfcillhdroyygazwobbagcicaqcsyglkvetkxvdjxmdignhhkzzwxohdwziuiofldocbgoytyrctyavmjuiygomhxpnymiaihrfslfawbgyflnfwevloggfobveqaagpqtmgudbetmxaqgvjkruqxmcamqqpakvazjo&quot;,&quot;bybbuguujfyvavgjgpserluemldjqwagrdhmpswqriqhsvpedmukqkaqdxojcldnerdwottntcmjunlrwzfebqqhdqjsenngedcbsspkshqoxrwqlxmdfzmobvsykbigogerlkydjvluzbjmusghakbfqnzwararykarmefbyjtknspzlgerubfeezaxkcdrvuvpbszpnfirqqryyaluniwwewmnehqwfbpswzytgodptonnhczkrjemyykfglkgomlobzbycsnyegdpiygbigfwxcuxosmvdxahczmhbaizvfirvvxhejxihoqzfdjjfsvgfwnimzaiygastcctvfquzsznimcxqytdkblzioufipkboyfc&quot;,[&quot;uuj&quot;, &quot;yga&quot;, &quot;glk&quot;, &quot;xmd&quot;, &quot;mju&quot;, ...])" fullname="Open_Lab_04._13.Tests.GetLongestCommonSequenceTestRandom(&quot;imekcuujjjtzqadoveqvxfmoikwoxzoogfcillhdroyygazwobbagcicaqcsyglkvetkxvdjxmdignhhkzzwxohdwziuiofldocbgoytyrctyavmjuiygomhxpnymiaihrfslfawbgyflnfwevloggfobveqaagpqtmgudbetmxaqgvjkruqxmcamqqpakvazjo&quot;,&quot;bybbuguujfyvavgjgpserluemldjqwagrdhmpswqriqhsvpedmukqkaqdxojcldnerdwottntcmjunlrwzfebqqhdqjsenngedcbsspkshqoxrwqlxmdfzmobvsykbigogerlkydjvluzbjmusghakbfqnzwararykarmefbyjtknspzlgerubfeezaxkcdrvuvpbszpnfirqqryyaluniwwewmnehqwfbpswzytgodptonnhczkrjemyykfglkgomlobzbycsnyegdpiygbigfwxcuxosmvdxahczmhbaizvfirvvxhejxihoqzfdjjfsvgfwnimzaiygastcctvfquzsznimcxqytdkblzioufipkboyfc&quot;,[&quot;uuj&quot;, &quot;yga&quot;, &quot;glk&quot;, &quot;xmd&quot;, &quot;mju&quot;, ...])" methodname="GetLongestCommonSequenceTestRandom" classname="Open_Lab_04._13.Tests" runstate="Runnable" seed="1881521155" result="Passed" start-time="2021-12-29 08:36:44Z" end-time="2021-12-29 08:36:44Z" duration="0.004150" asserts="1" />
            <test-case id="1027" name="GetLongestCommonSequenceTestRandom(&quot;qnzbagnwzaawcrzmwisrclhkklkiyzkgawakubjuydinujgxkorpnlzefprowfxzptwgrorvyxtyctpafmxkiutpxwffkuysgjybnagwxwqpsablzqjkinrua&quot;,&quot;ivjmkdzastvonefbmmddwxutftloktsdbgrlmklnqrhhqldeegaeqwklaqgrslqzbsnhnuocbqnfpmdupgjdsnmewgkwdtufbigxxwrksydzjevnnlcmbmgngikhjsyhwidhgfxspzkujmurkxjsrhdpbsrplkbazwdbbohhojxcbmdtntwligqoeognoiheykvnjtpwqbdikanpp&quot;,[&quot;qn&quot;, &quot;zb&quot;, &quot;ba&quot;, &quot;gn&quot;, &quot;za&quot;, ...])" fullname="Open_Lab_04._13.Tests.GetLongestCommonSequenceTestRandom(&quot;qnzbagnwzaawcrzmwisrclhkklkiyzkgawakubjuydinujgxkorpnlzefprowfxzptwgrorvyxtyctpafmxkiutpxwffkuysgjybnagwxwqpsablzqjkinrua&quot;,&quot;ivjmkdzastvonefbmmddwxutftloktsdbgrlmklnqrhhqldeegaeqwklaqgrslqzbsnhnuocbqnfpmdupgjdsnmewgkwdtufbigxxwrksydzjevnnlcmbmgngikhjsyhwidhgfxspzkujmurkxjsrhdpbsrplkbazwdbbohhojxcbmdtntwligqoeognoiheykvnjtpwqbdikanpp&quot;,[&quot;qn&quot;, &quot;zb&quot;, &quot;ba&quot;, &quot;gn&quot;, &quot;za&quot;, ...])" methodname="GetLongestCommonSequenceTestRandom" classname="Open_Lab_04._13.Tests" runstate="Runnable" seed="227759316" result="Passed" start-time="2021-12-29 08:36:44Z" end-time="2021-12-29 08:36:44Z" duration="0.000887" asserts="1" />
            <test-case id="1028" name="GetLongestCommonSequenceTestRandom(&quot;brnprtgowmittgcserrpkueavhcheebryqgprisbhvxcowhxgswwxzohnntkryjslqvdzmbvypioxblzzfbmhetzbzbdpikjlerxbextrayirzjmbuklwxkgxwbzlxfpfydsjoxviiuhgkhcpobvxymntkzfcxhtuicsvrcnwpdocdamoyjwvkrglqzzorskabmxiphymoyivykqjmrenlxkrwgesdyextnbrcezqkkhljlnfipbaowpdcglicgjptkbljygirncbqyhktyjnwejwxxpwtroearsyjbwkitibtomdyaodxvspbfnljkpayyazgibscyedvhcjllxsckgfycxeolayeicvnnxqzwbyqputcdzymxxorvbelxdqygznfhwynhsgiioihdbklclhkndsltecslakphougbkeergjhswhvtevuscseemucqoxhdtzphdjsgcshtktwx&quot;,&quot;zgepxevqcpqcndjcdzwrnpudnpkkktsxfjpqcnvutqbuceppyrhuaftjlbciulgjwswenszpdbyxoabiaumtmyxapfeblnaiksxjikbfrrqyhvvlzthaymwyvwoinyepbpnwcsapsgbuhzstktbrfzjxvzolvtstnbwriyihtshslcqvduxtwmjbgpbddotyoiggcallluynsrmsjsia&quot;,[&quot;rnp&quot;, &quot;qvd&quot;, &quot;tnb&quot;, &quot;qyh&quot;, &quot;cdz&quot;, ...])" fullname="Open_Lab_04._13.Tests.GetLongestCommonSequenceTestRandom(&quot;brnprtgowmittgcserrpkueavhcheebryqgprisbhvxcowhxgswwxzohnntkryjslqvdzmbvypioxblzzfbmhetzbzbdpikjlerxbextrayirzjmbuklwxkgxwbzlxfpfydsjoxviiuhgkhcpobvxymntkzfcxhtuicsvrcnwpdocdamoyjwvkrglqzzorskabmxiphymoyivykqjmrenlxkrwgesdyextnbrcezqkkhljlnfipbaowpdcglicgjptkbljygirncbqyhktyjnwejwxxpwtroearsyjbwkitibtomdyaodxvspbfnljkpayyazgibscyedvhcjllxsckgfycxeolayeicvnnxqzwbyqputcdzymxxorvbelxdqygznfhwynhsgiioihdbklclhkndsltecslakphougbkeergjhswhvtevuscseemucqoxhdtzphdjsgcshtktwx&quot;,&quot;zgepxevqcpqcndjcdzwrnpudnpkkktsxfjpqcnvutqbuceppyrhuaftjlbciulgjwswenszpdbyxoabiaumtmyxapfeblnaiksxjikbfrrqyhvvlzthaymwyvwoinyepbpnwcsapsgbuhzstktbrfzjxvzolvtstnbwriyihtshslcqvduxtwmjbgpbddotyoiggcallluynsrmsjsia&quot;,[&quot;rnp&quot;, &quot;qvd&quot;, &quot;tnb&quot;, &quot;qyh&quot;, &quot;cdz&quot;, ...])" methodname="GetLongestCommonSequenceTestRandom" classname="Open_Lab_04._13.Tests" runstate="Runnable" seed="1076420107" result="Passed" start-time="2021-12-29 08:36:44Z" end-time="2021-12-29 08:36:44Z" duration="0.002130" asserts="1" />
            <test-case id="1029" name="GetLongestCommonSequenceTestRandom(&quot;ywbrultxfdfyidcvjtdjlicowjoditlgscqlfphpsngqspjnjwzyerkpumulwpplszffnqpulorxclvgzbtlumbbsaqsuwscyuytjdashfnqzmnirnlvwdrfydnmawzpvpzhncwvaaepzkbgmibgkwfvdsvgqoskfxvkngvprqvwzcgochzsvtezjdevhqfmhujbpqsgmmpubjvalgejoaomsvbjbziakipesfzlotfjdkxaidkamvygfxitpjfnepjsuqifhsuvvfiiybbxoinpkizuxfvenrfobfgrvestackzozunihyvbuilrnibwqheaugtvkckpuohyzfxliwgtjmhxuzhwqwkvgyusbsyeoghfanrhkqotbkrhzwakvnzxdmralejpybecfbwhizlzhqtvhmtfsnjagjbnvqwghzvafocyzscv&quot;,&quot;zpmsvtyldwkrewvzjlrdfshvtpskvgzlozhuovaxyuddlibsgyqhksvhhryfanqxwzdepbkolufkoeklnadwqsawdzmxwuwkeggmfxdfncvqnltchnrajtgeyhbp&quot;,[&quot;vgz&quot;, &quot;svt&quot;, &quot;msv&quot;, &quot;zlo&quot;, &quot;kvg&quot;, ...])" fullname="Open_Lab_04._13.Tests.GetLongestCommonSequenceTestRandom(&quot;ywbrultxfdfyidcvjtdjlicowjoditlgscqlfphpsngqspjnjwzyerkpumulwpplszffnqpulorxclvgzbtlumbbsaqsuwscyuytjdashfnqzmnirnlvwdrfydnmawzpvpzhncwvaaepzkbgmibgkwfvdsvgqoskfxvkngvprqvwzcgochzsvtezjdevhqfmhujbpqsgmmpubjvalgejoaomsvbjbziakipesfzlotfjdkxaidkamvygfxitpjfnepjsuqifhsuvvfiiybbxoinpkizuxfvenrfobfgrvestackzozunihyvbuilrnibwqheaugtvkckpuohyzfxliwgtjmhxuzhwqwkvgyusbsyeoghfanrhkqotbkrhzwakvnzxdmralejpybecfbwhizlzhqtvhmtfsnjagjbnvqwghzvafocyzscv&quot;,&quot;zpmsvtyldwkrewvzjlrdfshvtpskvgzlozhuovaxyuddlibsgyqhksvhhryfanqxwzdepbkolufkoeklnadwqsawdzmxwuwkeggmfxdfncvqnltchnrajtgeyhbp&quot;,[&quot;vgz&quot;, &quot;svt&quot;, &quot;msv&quot;, &quot;zlo&quot;, &quot;kvg&quot;, ...])" methodname="GetLongestCommonSequenceTestRandom" classname="Open_Lab_04._13.Tests" runstate="Runnable" seed="912121431" result="Passed" start-time="2021-12-29 08:36:44Z" end-time="2021-12-29 08:36:44Z" duration="0.001204" asserts="1" />
            <test-case id="1030" name="GetLongestCommonSequenceTestRandom(&quot;nrqyughyxfqxyjoxkjsgjpicvalzcnyvnqzkesselejiadlksgoyijfyjoctvhwkgvjijdsrqnuffabspahvyamdkbbqqyjehzbftdboowhvpasimjeuablgifxhcbbsepxgywymzsgctrojjsegtoegnvxnftmnvorzdmjqlsvhujmqrnyjwvyplrsdykgfftgeaogwiovbtwleihwrvcqzqbomtgralpbbciqchbbiawvofovropjdchnyatccwuqevkbzqtjubiztgzgfkamwfyyvurcnyylfgrtvnvaufpbuhusamxrwiuywlfezrvvcxunpglspz&quot;,&quot;qpwdoazbbbhowmswjhqbdjuyxmhdubfcwrdizirezpuuviyawjckyyogvygctwhzweseijwbqmbnozdpnggkyuexcwnbbpldiuyqptsnmbulwbswuromqwbcaublwvzbbyftbmzuosyxzsabeqgkaymltwpurgqrbtkyvyvirtyxydcitagfooacltzewecibhvficfgvyshapnqtharzlcnthmcyqlnrqvqhwaruajqwtcwfjlpdkiqeimaqdifmfpktwixhjxzbmqafqwofwjghfmzjzbqredqdrcjaoitnjprrmvzhtaqwidokinhighwjawnonnrnptxpuhxebjyemuvonzsablgcsirqhltgjdgpfy&quot;,[&quot;ablg&quot;])" fullname="Open_Lab_04._13.Tests.GetLongestCommonSequenceTestRandom(&quot;nrqyughyxfqxyjoxkjsgjpicvalzcnyvnqzkesselejiadlksgoyijfyjoctvhwkgvjijdsrqnuffabspahvyamdkbbqqyjehzbftdboowhvpasimjeuablgifxhcbbsepxgywymzsgctrojjsegtoegnvxnftmnvorzdmjqlsvhujmqrnyjwvyplrsdykgfftgeaogwiovbtwleihwrvcqzqbomtgralpbbciqchbbiawvofovropjdchnyatccwuqevkbzqtjubiztgzgfkamwfyyvurcnyylfgrtvnvaufpbuhusamxrwiuywlfezrvvcxunpglspz&quot;,&quot;qpwdoazbbbhowmswjhqbdjuyxmhdubfcwrdizirezpuuviyawjckyyogvygctwhzweseijwbqmbnozdpnggkyuexcwnbbpldiuyqptsnmbulwbswuromqwbcaublwvzbbyftbmzuosyxzsabeqgkaymltwpurgqrbtkyvyvirtyxydcitagfooacltzewecibhvficfgvyshapnqtharzlcnthmcyqlnrqvqhwaruajqwtcwfjlpdkiqeimaqdifmfpktwixhjxzbmqafqwofwjghfmzjzbqredqdrcjaoitnjprrmvzhtaqwidokinhighwjawnonnrnptxpuhxebjyemuvonzsablgcsirqhltgjdgpfy&quot;,[&quot;ablg&quot;])" methodname="GetLongestCommonSequenceTestRandom" classname="Open_Lab_04._13.Tests" runstate="Runnable" seed="10415586" result="Passed" start-time="2021-12-29 08:36:44Z" end-time="2021-12-29 08:36:44Z" duration="0.002273" asserts="1" />
            <test-case id="1031" name="GetLongestCommonSequenceTestRandom(&quot;bpcgxjswgbzaovqmemuxmqhxqprujngiojrlyejtzmkoikfktqcclbckifqhrymtvqleeenadbxzgsogkhbtkdxnggcsnbcbartsybfocbyjdddqrjxjwtirsyxxcumczwzoywijbnqifnkddmbeesehjczadhmhpwkgdprubnhjczleotuqtixgrsfwwhfuaitjddzougcqlvekquljnwohyepljvytiniufcbktgvmggvwnufcwvgeumkzooeyiiixmkentaqhabbsisxoqvxmgdztsbwfcxexyxkdqrivfzeslsqvqpimkwqiklvrdkecxdtliuyyn&quot;,&quot;ghzhhalbomormcgbsewrruubuhyfmvqjzipjjcdvgcvsngqregcucvklmxnacfotwfsemxspbalpycnorgbgtwhdxdwmpdtancwinmfhomsbkvnkjyiveizzxogjagzxhkbvgfaf&quot;,[&quot;cg&quot;, &quot;gb&quot;, &quot;vq&quot;, &quot;em&quot;, &quot;ru&quot;, ...])" fullname="Open_Lab_04._13.Tests.GetLongestCommonSequenceTestRandom(&quot;bpcgxjswgbzaovqmemuxmqhxqprujngiojrlyejtzmkoikfktqcclbckifqhrymtvqleeenadbxzgsogkhbtkdxnggcsnbcbartsybfocbyjdddqrjxjwtirsyxxcumczwzoywijbnqifnkddmbeesehjczadhmhpwkgdprubnhjczleotuqtixgrsfwwhfuaitjddzougcqlvekquljnwohyepljvytiniufcbktgvmggvwnufcwvgeumkzooeyiiixmkentaqhabbsisxoqvxmgdztsbwfcxexyxkdqrivfzeslsqvqpimkwqiklvrdkecxdtliuyyn&quot;,&quot;ghzhhalbomormcgbsewrruubuhyfmvqjzipjjcdvgcvsngqregcucvklmxnacfotwfsemxspbalpycnorgbgtwhdxdwmpdtancwinmfhomsbkvnkjyiveizzxogjagzxhkbvgfaf&quot;,[&quot;cg&quot;, &quot;gb&quot;, &quot;vq&quot;, &quot;em&quot;, &quot;ru&quot;, ...])" methodname="GetLongestCommonSequenceTestRandom" classname="Open_Lab_04._13.Tests" runstate="Runnable" seed="1931966949" result="Passed" start-time="2021-12-29 08:36:44Z" end-time="2021-12-29 08:36:44Z" duration="0.001214" asserts="1" />
            <test-case id="1032" name="GetLongestCommonSequenceTestRandom(&quot;urgdgtbqmcquxwedwlzfwginvtzurdeydukrtwqvfsndidkowsjtazenjtinthziysqclnkaueadteerjlxytkxepwhzndbxteeqmhciijzwzbuepqd&quot;,&quot;japovmmpgkmqccjoaofbioqjlaeocdkxztotpqvzuncxxitxrfebkcavkfcuiymdaoqjoqzjsfgulsmdghwwyjmxstiknarwbzxjrkjbguievfjssznacpeqbtquhovsoktmudlwyvpdbhcnjqronrulvhhytotszqqkmxxporcgzapuqdlrxhfxqhqnvmckbxelrramsbzvpnlurnhqccurlttfgktborebvec&quot;,[&quot;ur&quot;, &quot;dg&quot;, &quot;tb&quot;, &quot;mc&quot;, &quot;qu&quot;, ...])" fullname="Open_Lab_04._13.Tests.GetLongestCommonSequenceTestRandom(&quot;urgdgtbqmcquxwedwlzfwginvtzurdeydukrtwqvfsndidkowsjtazenjtinthziysqclnkaueadteerjlxytkxepwhzndbxteeqmhciijzwzbuepqd&quot;,&quot;japovmmpgkmqccjoaofbioqjlaeocdkxztotpqvzuncxxitxrfebkcavkfcuiymdaoqjoqzjsfgulsmdghwwyjmxstiknarwbzxjrkjbguievfjssznacpeqbtquhovsoktmudlwyvpdbhcnjqronrulvhhytotszqqkmxxporcgzapuqdlrxhfxqhqnvmckbxelrramsbzvpnlurnhqccurlttfgktborebvec&quot;,[&quot;ur&quot;, &quot;dg&quot;, &quot;tb&quot;, &quot;mc&quot;, &quot;qu&quot;, ...])" methodname="GetLongestCommonSequenceTestRandom" classname="Open_Lab_04._13.Tests" runstate="Runnable" seed="311363995" result="Passed" start-time="2021-12-29 08:36:44Z" end-time="2021-12-29 08:36:44Z" duration="0.010119" asserts="1" />
            <test-case id="1033" name="GetLongestCommonSequenceTestRandom(&quot;dyyvhjidvwviemhzdnayxvgihxhxijynkimedyjckqjjplwbkeyieebhsqojbkulxhywzdwedynhlwswbfmdlqjfgflnkzaavxmhmachiuegruvwxrivyrahytqurjtexnlokljadfuqldnljppsqebexfjtjhpzbaiejhlmihrswjvvfelbtanslgqfcqrwqvpluicbddkinjinjooewngamqtcrgjrqvcbukawckyppefbycvocmacopyepzkwttsrghtynrblprlikrdolvpevamfmvhdabvwmourjwakkomxepuxwvlydowguomrkylovovwwleovetgnobwbjhepxsysowukjalcybpuyakrxczuptgnqparhyywweipkdmdheomlbdiwnsuteduqhutzuuadtxtsvgtqvmkftbomruugedsboydjtdnjojsejqbgydxrspwfghhzatyqesdwdjxrzaqjjjcbtohafb&quot;,&quot;zbydlvojukczqmecpggsrymvwegflmykdkevfglvkrwzhkloomsuzjraochgpiyimrwgijwjukhacnoltsrztdlutdgdyegctnmpnefepjaocryaovnwqyoifcnedtkpeehobyxommjkdwrbffpcrjluzdjlqbbwykkxjkzpxykepefiklzxehyvsmpxomyllnltmusufzfsyhfuyabfbdrrmpexucalaysbslwqt&quot;,[&quot;gfl&quot;, &quot;pef&quot;, &quot;tsr&quot;, &quot;uya&quot;])" fullname="Open_Lab_04._13.Tests.GetLongestCommonSequenceTestRandom(&quot;dyyvhjidvwviemhzdnayxvgihxhxijynkimedyjckqjjplwbkeyieebhsqojbkulxhywzdwedynhlwswbfmdlqjfgflnkzaavxmhmachiuegruvwxrivyrahytqurjtexnlokljadfuqldnljppsqebexfjtjhpzbaiejhlmihrswjvvfelbtanslgqfcqrwqvpluicbddkinjinjooewngamqtcrgjrqvcbukawckyppefbycvocmacopyepzkwttsrghtynrblprlikrdolvpevamfmvhdabvwmourjwakkomxepuxwvlydowguomrkylovovwwleovetgnobwbjhepxsysowukjalcybpuyakrxczuptgnqparhyywweipkdmdheomlbdiwnsuteduqhutzuuadtxtsvgtqvmkftbomruugedsboydjtdnjojsejqbgydxrspwfghhzatyqesdwdjxrzaqjjjcbtohafb&quot;,&quot;zbydlvojukczqmecpggsrymvwegflmykdkevfglvkrwzhkloomsuzjraochgpiyimrwgijwjukhacnoltsrztdlutdgdyegctnmpnefepjaocryaovnwqyoifcnedtkpeehobyxommjkdwrbffpcrjluzdjlqbbwykkxjkzpxykepefiklzxehyvsmpxomyllnltmusufzfsyhfuyabfbdrrmpexucalaysbslwqt&quot;,[&quot;gfl&quot;, &quot;pef&quot;, &quot;tsr&quot;, &quot;uya&quot;])" methodname="GetLongestCommonSequenceTestRandom" classname="Open_Lab_04._13.Tests" runstate="Runnable" seed="763436102" result="Passed" start-time="2021-12-29 08:36:44Z" end-time="2021-12-29 08:36:44Z" duration="0.002478" asserts="1" />
            <test-case id="1034" name="GetLongestCommonSequenceTestRandom(&quot;recfwlhuynkskhvugxpuzdyuszpdbnellwlnpgstpaemahokgyfzayfofimwwesljzhowiezewfzzltklexdifkmrxhhuwxkhtdaaaoxtfuetfotoblrhpddouwyaxfiyusgiskkpzjckgtlinsslfdspzmgdpxvzmfynilvrabhgasi&quot;,&quot;kqmfnwtraqigehacndybvyacxakdvmphefszkqmplhmsdpntbfswugfmqkimmpvoabczoarwrjpnlhzinrbqttmxzgjzizdvmyrbmnfanvflrsail&quot;,[&quot;lh&quot;, &quot;ug&quot;, &quot;zd&quot;, &quot;dy&quot;, &quot;sz&quot;, ...])" fullname="Open_Lab_04._13.Tests.GetLongestCommonSequenceTestRandom(&quot;recfwlhuynkskhvugxpuzdyuszpdbnellwlnpgstpaemahokgyfzayfofimwwesljzhowiezewfzzltklexdifkmrxhhuwxkhtdaaaoxtfuetfotoblrhpddouwyaxfiyusgiskkpzjckgtlinsslfdspzmgdpxvzmfynilvrabhgasi&quot;,&quot;kqmfnwtraqigehacndybvyacxakdvmphefszkqmplhmsdpntbfswugfmqkimmpvoabczoarwrjpnlhzinrbqttmxzgjzizdvmyrbmnfanvflrsail&quot;,[&quot;lh&quot;, &quot;ug&quot;, &quot;zd&quot;, &quot;dy&quot;, &quot;sz&quot;, ...])" methodname="GetLongestCommonSequenceTestRandom" classname="Open_Lab_04._13.Tests" runstate="Runnable" seed="1036956553" result="Passed" start-time="2021-12-29 08:36:44Z" end-time="2021-12-29 08:36:44Z" duration="0.000505" asserts="1" />
            <test-case id="1035" name="GetLongestCommonSequenceTestRandom(&quot;yvofuhofzhrsnrftbmpxvzmbcxnbfggbniaihheknhoxjvhnfyrnsoezincwtmasbpefrxltifjolorgpzwgpsizebzuehqagvvt&quot;,&quot;cwhnxeneqnuvwgtqtdihfapyqpbojhqtxqndotsovuoofziawjnsmmlbgjwhdyuixayftqczkulkmbtrharatygkflwewkkwzfqeacgggnhsaapfqfadhuoyunaitxcakpkhkoqftltfrokewrorkgpfqsknbymjkhhlphubovkwbjhgcvmcjlpdzfrsedduykujgzpowmcpwtdhkdkgljzzrelkqcxlspxroxzdgygxjzggbjiaswiokvrbnfxuoqxhvmtmdgzndcqsxfiguwsvgjgsgypbamisczkoqvwmxvlifzeiwqasycbmfagfqynqtyqyvtqyzgxlxyngthejmqtzxxjqprvy&quot;,[&quot;ofz&quot;, &quot;ggb&quot;])" fullname="Open_Lab_04._13.Tests.GetLongestCommonSequenceTestRandom(&quot;yvofuhofzhrsnrftbmpxvzmbcxnbfggbniaihheknhoxjvhnfyrnsoezincwtmasbpefrxltifjolorgpzwgpsizebzuehqagvvt&quot;,&quot;cwhnxeneqnuvwgtqtdihfapyqpbojhqtxqndotsovuoofziawjnsmmlbgjwhdyuixayftqczkulkmbtrharatygkflwewkkwzfqeacgggnhsaapfqfadhuoyunaitxcakpkhkoqftltfrokewrorkgpfqsknbymjkhhlphubovkwbjhgcvmcjlpdzfrsedduykujgzpowmcpwtdhkdkgljzzrelkqcxlspxroxzdgygxjzggbjiaswiokvrbnfxuoqxhvmtmdgzndcqsxfiguwsvgjgsgypbamisczkoqvwmxvlifzeiwqasycbmfagfqynqtyqyvtqyzgxlxyngthejmqtzxxjqprvy&quot;,[&quot;ofz&quot;, &quot;ggb&quot;])" methodname="GetLongestCommonSequenceTestRandom" classname="Open_Lab_04._13.Tests" runstate="Runnable" seed="244301446" result="Passed" start-time="2021-12-29 08:36:44Z" end-time="2021-12-29 08:36:44Z" duration="0.000825" asserts="1" />
            <test-case id="1036" name="GetLongestCommonSequenceTestRandom(&quot;uogjfmdabsrepohmzljtdedeqaxkaiilzddkgxoubjkycvhibdpfleeqlcsepsatjgfmlwgcxosutecvspiwsdzuznzeejfjirovpvxfxnhwmjwgzxlzjdaggkmxxbyojjlcqgfxrdzfvdiprsehxfzeripfizhvosncxtqsroigeukdcwgewrrdkhlhraorwerdpfsxclpjxsawymcltcyxbj&quot;,&quot;qiibqzqkzdhnxeickbhgrgojfydytftbgmbptkyjhiatryfhkanvudbjtzwswrqtjggkctiacyyifvrgtwotsyhdksvtognqrhjlsueqrmsvesexhpzadxblyczkyomwkiqylgozrxbfflzrnxmyhnmufymputscawlvcfmabaifvvfndhwacnowwwsnuzeyfzfjzdpillxhfhzktylmwramhozgnyfbvjzwqvozsoprqhroxitwnsbozsckejvmfvmvhctykluibiwzxkiefjncilwysdvitcluvvhuovmcytmqwcntaqhwijmvgvfhplozxcebcopkxlepygcppchdvpmlimotqfmmentuymqlaxywfxwztprndldhpssqawtsz&quot;,[&quot;tjg&quot;, &quot;ggk&quot;])" fullname="Open_Lab_04._13.Tests.GetLongestCommonSequenceTestRandom(&quot;uogjfmdabsrepohmzljtdedeqaxkaiilzddkgxoubjkycvhibdpfleeqlcsepsatjgfmlwgcxosutecvspiwsdzuznzeejfjirovpvxfxnhwmjwgzxlzjdaggkmxxbyojjlcqgfxrdzfvdiprsehxfzeripfizhvosncxtqsroigeukdcwgewrrdkhlhraorwerdpfsxclpjxsawymcltcyxbj&quot;,&quot;qiibqzqkzdhnxeickbhgrgojfydytftbgmbptkyjhiatryfhkanvudbjtzwswrqtjggkctiacyyifvrgtwotsyhdksvtognqrhjlsueqrmsvesexhpzadxblyczkyomwkiqylgozrxbfflzrnxmyhnmufymputscawlvcfmabaifvvfndhwacnowwwsnuzeyfzfjzdpillxhfhzktylmwramhozgnyfbvjzwqvozsoprqhroxitwnsbozsckejvmfvmvhctykluibiwzxkiefjncilwysdvitcluvvhuovmcytmqwcntaqhwijmvgvfhplozxcebcopkxlepygcppchdvpmlimotqfmmentuymqlaxywfxwztprndldhpssqawtsz&quot;,[&quot;tjg&quot;, &quot;ggk&quot;])" methodname="GetLongestCommonSequenceTestRandom" classname="Open_Lab_04._13.Tests" runstate="Runnable" seed="2010583258" result="Passed" start-time="2021-12-29 08:36:44Z" end-time="2021-12-29 08:36:44Z" duration="0.001607" asserts="1" />
            <test-case id="1037" name="GetLongestCommonSequenceTestRandom(&quot;klnirdlvcyqpglpoaanyjtkleftakedgxonlllxnbhiframhbmwteairacdlkllxvjrrxdcoczwbkftdslyyijcxgwkjhldqwljhivjxjhqfdggviatymmplhulbsthqwgezvmvxcbobtxuzppbhsfdkvyznjifqzziwchavevwlxorkalldrayqcudxnhotwxbtoxxiofcxjsmhgonxwbyzbsthddixhcpzmxwcocomyahkhwqytqxuzbsvdpflweqhdmuirljtmmbaljzhmkeqfualfbyyxdqtkagvcigihdimarktqyymazcjmjcqmkviviqkdefedvibmnlnqfizeetkxxjsfqwxhzqsbzqlt&quot;,&quot;ieraxyypagcwerogmgvmynzlumwsmqowgkvotxzkuqqpulvzdvmjqgvufffkbfcjsfpuwampgkrixjqjrxprdfgzoainrpjpngxpwaccixdfpnxwowsdplfmypgvryxrbbvqmbnqvmigcbkadmzvwfacbkqguhkjaldosgjnjcicczkxffsfzcuvatpbkgvnczgqxviwclmuxyzcztbpofkyqinzridcguadsuzjwvcnqayctnbqfgzwohzpijfuijodxvjfusstdwiqjkfdgmxzvdokvkbnpheglvexdwwmnftszifxdbnwlohtgykjrfdvrbeofhakqkmpkwlmedjotivxnkqflmvhbxaydqrvbdgabsjknxfnvpbjghbuqvzdoenmwniomnmqcuvvbgrnhilmwqrwpw&quot;,[&quot;xvj&quot;, &quot;fdg&quot;, &quot;iwc&quot;, &quot;qcu&quot;, &quot;nxw&quot;, ...])" fullname="Open_Lab_04._13.Tests.GetLongestCommonSequenceTestRandom(&quot;klnirdlvcyqpglpoaanyjtkleftakedgxonlllxnbhiframhbmwteairacdlkllxvjrrxdcoczwbkftdslyyijcxgwkjhldqwljhivjxjhqfdggviatymmplhulbsthqwgezvmvxcbobtxuzppbhsfdkvyznjifqzziwchavevwlxorkalldrayqcudxnhotwxbtoxxiofcxjsmhgonxwbyzbsthddixhcpzmxwcocomyahkhwqytqxuzbsvdpflweqhdmuirljtmmbaljzhmkeqfualfbyyxdqtkagvcigihdimarktqyymazcjmjcqmkviviqkdefedvibmnlnqfizeetkxxjsfqwxhzqsbzqlt&quot;,&quot;ieraxyypagcwerogmgvmynzlumwsmqowgkvotxzkuqqpulvzdvmjqgvufffkbfcjsfpuwampgkrixjqjrxprdfgzoainrpjpngxpwaccixdfpnxwowsdplfmypgvryxrbbvqmbnqvmigcbkadmzvwfacbkqguhkjaldosgjnjcicczkxffsfzcuvatpbkgvnczgqxviwclmuxyzcztbpofkyqinzridcguadsuzjwvcnqayctnbqfgzwohzpijfuijodxvjfusstdwiqjkfdgmxzvdokvkbnpheglvexdwwmnftszifxdbnwlohtgykjrfdvrbeofhakqkmpkwlmedjotivxnkqflmvhbxaydqrvbdgabsjknxfnvpbjghbuqvzdoenmwniomnmqcuvvbgrnhilmwqrwpw&quot;,[&quot;xvj&quot;, &quot;fdg&quot;, &quot;iwc&quot;, &quot;qcu&quot;, &quot;nxw&quot;, ...])" methodname="GetLongestCommonSequenceTestRandom" classname="Open_Lab_04._13.Tests" runstate="Runnable" seed="730594885" result="Passed" start-time="2021-12-29 08:36:44Z" end-time="2021-12-29 08:36:44Z" duration="0.003527" asserts="1" />
            <test-case id="1038" name="GetLongestCommonSequenceTestRandom(&quot;gecmwewnaprbhckhmlftkdlwgsbqgvlypjgmziyrftryqhejljfljducsgfdcghfdslywyhdmooqlnfyosewpapmodtscvoymmuxwfmncbzuoerfbhpkbkpddykseobrapdzshcjfrunauxkmnrvfdwbwquxvuinaiuzasmtfffkqc&quot;,&quot;jaagrwglwtcccneoligmszyjuayqayllunlwuorquxyfypkgaruckpkjcqlqyqkxhriobhtwrpsvbsleprpiejaedbudcaremayhhwetxxkuxpijfgagactyqdlzmpuqxojaudxtnwkhyghntl&quot;,[&quot;qux&quot;])" fullname="Open_Lab_04._13.Tests.GetLongestCommonSequenceTestRandom(&quot;gecmwewnaprbhckhmlftkdlwgsbqgvlypjgmziyrftryqhejljfljducsgfdcghfdslywyhdmooqlnfyosewpapmodtscvoymmuxwfmncbzuoerfbhpkbkpddykseobrapdzshcjfrunauxkmnrvfdwbwquxvuinaiuzasmtfffkqc&quot;,&quot;jaagrwglwtcccneoligmszyjuayqayllunlwuorquxyfypkgaruckpkjcqlqyqkxhriobhtwrpsvbsleprpiejaedbudcaremayhhwetxxkuxpijfgagactyqdlzmpuqxojaudxtnwkhyghntl&quot;,[&quot;qux&quot;])" methodname="GetLongestCommonSequenceTestRandom" classname="Open_Lab_04._13.Tests" runstate="Runnable" seed="1758999180" result="Passed" start-time="2021-12-29 08:36:44Z" end-time="2021-12-29 08:36:44Z" duration="0.001705" asserts="1" />
            <test-case id="1039" name="GetLongestCommonSequenceTestRandom(&quot;waldkhaqdkfgicuwifhobjgterlzjwxgbryqmlztuntiipcedkyhlwwntrytvaghnyfreejxgouopyloohvzxpueulwumfxtglvjklzzabaxbixvgkenfhkxebwtiolaqbidcbeciwzwoxcmnaocbkozbxejpfrlpagaztsefbfihojhyjghajzgnjcfxuncengoqbmthjwzefrmoxkfzjlgaznqrnhkoddtiuqwxmzqmzchrprzkidvczorovcucllbbxetgohmjuuaxfzbvhafzirigzibkfoaoaftlxtwaqlhfntiwayvlfbtgvnhfgbegtlxafpxoefjxjdsgzfjgtpizmnpklqupgblbwirlaggasvwsubfarymddxnrzncnltqhrqjroyfmiihqrxqkktxiohyyvzlnetoyfoadromssavuqwabwsdrwhsjslvonsiptilcxntvgeqomehyz&quot;,&quot;rlpxcxvqlfsyfarfailxejyhlrrexndxodawzwgnggbncizpwgdznbehmilkfrtxbvjbzugdbxryhledschqjeknztjqkvipmelhyxqbaaxpkgzbeisdjdnxlwcflptgpclczweumfpjgucstimbcefjrovbukqlgrahvwchdxrendqrukmdcrdkxblkadabpecptuwwffyfnawnyehkynipoqkulrgaxppiabxznpxwtywwfxmwv&quot;,[&quot;yhl&quot;, &quot;umf&quot;, &quot;wzw&quot;, &quot;xej&quot;, &quot;rlp&quot;, ...])" fullname="Open_Lab_04._13.Tests.GetLongestCommonSequenceTestRandom(&quot;waldkhaqdkfgicuwifhobjgterlzjwxgbryqmlztuntiipcedkyhlwwntrytvaghnyfreejxgouopyloohvzxpueulwumfxtglvjklzzabaxbixvgkenfhkxebwtiolaqbidcbeciwzwoxcmnaocbkozbxejpfrlpagaztsefbfihojhyjghajzgnjcfxuncengoqbmthjwzefrmoxkfzjlgaznqrnhkoddtiuqwxmzqmzchrprzkidvczorovcucllbbxetgohmjuuaxfzbvhafzirigzibkfoaoaftlxtwaqlhfntiwayvlfbtgvnhfgbegtlxafpxoefjxjdsgzfjgtpizmnpklqupgblbwirlaggasvwsubfarymddxnrzncnltqhrqjroyfmiihqrxqkktxiohyyvzlnetoyfoadromssavuqwabwsdrwhsjslvonsiptilcxntvgeqomehyz&quot;,&quot;rlpxcxvqlfsyfarfailxejyhlrrexndxodawzwgnggbncizpwgdznbehmilkfrtxbvjbzugdbxryhledschqjeknztjqkvipmelhyxqbaaxpkgzbeisdjdnxlwcflptgpclczweumfpjgucstimbcefjrovbukqlgrahvwchdxrendqrukmdcrdkxblkadabpecptuwwffyfnawnyehkynipoqkulrgaxppiabxznpxwtywwfxmwv&quot;,[&quot;yhl&quot;, &quot;umf&quot;, &quot;wzw&quot;, &quot;xej&quot;, &quot;rlp&quot;, ...])" methodname="GetLongestCommonSequenceTestRandom" classname="Open_Lab_04._13.Tests" runstate="Runnable" seed="1241131223" result="Passed" start-time="2021-12-29 08:36:44Z" end-time="2021-12-29 08:36:44Z" duration="0.002444" asserts="1" />
            <test-case id="1040" name="GetLongestCommonSequenceTestRandom(&quot;dbvnbdjclozxhxlnnwhiwiqlwptoonejeilnnnztpldixvqykskqpnsuljqlkvnxkptzlyzawnslehobzuewdouqprbdwojuygyhbrmmsktbvhqevpmqrquvucjuwwdieynyigzhhresvtviaxhgctchlcnyhrpvgkxwtrvoqeizmbabhbuypwflvfmftazpcimkwyoibtqykdvkcmrgxqgjflbofpvpesxdpqejnlxwghaskcdhjtslccekxzdlyatsgsulhhsmtjdxlidcmngkalanlumnhlyfoimshrzbagsszhzowbzkuirurhanvfeilxjdvluunejushn&quot;,&quot;uxrglnlfqraarmgvbkhbxvtkgfwpyxcktwsxnxwxlemdlucbyosiamgzehagrwgtppgvtihdnjptjpymcurketkhqttgxqgpxtovnhhpgpvrwmpoindwfvovfzfapbfwczwpacyumbepyskedeykmjkbfspnchzfjy&quot;,[&quot;gxqg&quot;])" fullname="Open_Lab_04._13.Tests.GetLongestCommonSequenceTestRandom(&quot;dbvnbdjclozxhxlnnwhiwiqlwptoonejeilnnnztpldixvqykskqpnsuljqlkvnxkptzlyzawnslehobzuewdouqprbdwojuygyhbrmmsktbvhqevpmqrquvucjuwwdieynyigzhhresvtviaxhgctchlcnyhrpvgkxwtrvoqeizmbabhbuypwflvfmftazpcimkwyoibtqykdvkcmrgxqgjflbofpvpesxdpqejnlxwghaskcdhjtslccekxzdlyatsgsulhhsmtjdxlidcmngkalanlumnhlyfoimshrzbagsszhzowbzkuirurhanvfeilxjdvluunejushn&quot;,&quot;uxrglnlfqraarmgvbkhbxvtkgfwpyxcktwsxnxwxlemdlucbyosiamgzehagrwgtppgvtihdnjptjpymcurketkhqttgxqgpxtovnhhpgpvrwmpoindwfvovfzfapbfwczwpacyumbepyskedeykmjkbfspnchzfjy&quot;,[&quot;gxqg&quot;])" methodname="GetLongestCommonSequenceTestRandom" classname="Open_Lab_04._13.Tests" runstate="Runnable" seed="1993358783" result="Passed" start-time="2021-12-29 08:36:44Z" end-time="2021-12-29 08:36:44Z" duration="0.000969" asserts="1" />
            <test-case id="1041" name="GetLongestCommonSequenceTestRandom(&quot;wpanfojkdrzxmpawkcvjtpukhmksebyfzenodqsvdzgkfvcyblocoovhupfseqfbstxibmsukagtikemjmqtmwrkjftokzrmufrmyuwosusoibykktiralpwcmzvsejkjuydssnppbaredchhjdqrzmiqvklubwolhfocvrsgtcylxryksojbstjhqnwicuofmgwynelrlkxwnxsdlacmmntnvgmiujdyosyquawodsphvntsusxbrctynjdhrdwbgzhvycjkeoiuxlrhmunbmcgmzadlxpwzvoawfytrjmxdtybbrvuwpvpesvvyzxnor&quot;,&quot;zjlvboavrzfdtaybubvzjzywejcusmzilkzsqwtgwudpyocuzxdltrzzkoqslfcfzxrjbgkxhodpwjxphiuuiootkzhbfbuqrxpbxtstnfdeokcbrakckhwlixybyisgunxztvsnpbhdkkfaxgkfqrfjaetzvquenxkamdhwiwnjatbyrxesympchoypbssyhdqnzfotynwuewjhdvhxmcfahisxesupeobwdnymjktlqvxle&quot;,[&quot;gkf&quot;, &quot;snp&quot;, &quot;tyn&quot;])" fullname="Open_Lab_04._13.Tests.GetLongestCommonSequenceTestRandom(&quot;wpanfojkdrzxmpawkcvjtpukhmksebyfzenodqsvdzgkfvcyblocoovhupfseqfbstxibmsukagtikemjmqtmwrkjftokzrmufrmyuwosusoibykktiralpwcmzvsejkjuydssnppbaredchhjdqrzmiqvklubwolhfocvrsgtcylxryksojbstjhqnwicuofmgwynelrlkxwnxsdlacmmntnvgmiujdyosyquawodsphvntsusxbrctynjdhrdwbgzhvycjkeoiuxlrhmunbmcgmzadlxpwzvoawfytrjmxdtybbrvuwpvpesvvyzxnor&quot;,&quot;zjlvboavrzfdtaybubvzjzywejcusmzilkzsqwtgwudpyocuzxdltrzzkoqslfcfzxrjbgkxhodpwjxphiuuiootkzhbfbuqrxpbxtstnfdeokcbrakckhwlixybyisgunxztvsnpbhdkkfaxgkfqrfjaetzvquenxkamdhwiwnjatbyrxesympchoypbssyhdqnzfotynwuewjhdvhxmcfahisxesupeobwdnymjktlqvxle&quot;,[&quot;gkf&quot;, &quot;snp&quot;, &quot;tyn&quot;])" methodname="GetLongestCommonSequenceTestRandom" classname="Open_Lab_04._13.Tests" runstate="Runnable" seed="1221434968" result="Passed" start-time="2021-12-29 08:36:44Z" end-time="2021-12-29 08:36:44Z" duration="0.001295" asserts="1" />
            <test-case id="1042" name="GetLongestCommonSequenceTestRandom(&quot;lglvmfxpfqmqpfthppumdpwuobiukmkhsnhneicwznhhasvnsjfhrsnwkqglwcftfexbyfcgnxnphotvfucahdqazkdncrawiobvuuomgyutfyowxlgbaemcoxcnbpewxqhtmxblfpuiiwuawhqqkyvdczhwrblrtxwoqvjzjuwkkdtrcbruyolzudrnqeteecpkagkbxrhpcltyfpupjqsfmwtndwifbrghojrwrpxhgvwjkshakeuokjydmwxaibokfljwyxxtslyrzkdloivwwsxeknkvsxzfgmeyilcmgbvzkhdctmlagromoellncbvltknffcdfiqvwxudjhbglzyoxrjdarydzznrwqwojiuxbtp&quot;,&quot;kibfavkmuvqnwycoknvxkcgtlnwcebnebrsrpsceobwbziskffnoxshibiunyhhtilmegkyrkqjifftcvlxynzhjkkphypfgtdtowoeuhvdgiycwosrmkifiectvurtvkcpcmefhhcrrvaamhtsfxtwkxkktuizpcivgiakjmkfiqonechobznxrgefbumnyccpmeudhiitnnntjwgrnuyqoleaduipaxggozazidgtqukdslwfouzeelabztzmztsqhhfjvgjjnezubahsydagxcccyzzoeuuxctwlgmjikpqzlgazmgovsmsffclwgvftkcshevmlusvhlcqszabxgyepbqgdbmbpkxpjnsuqtcb&quot;,[&quot;biu&quot;, &quot;ffc&quot;, &quot;fiq&quot;])" fullname="Open_Lab_04._13.Tests.GetLongestCommonSequenceTestRandom(&quot;lglvmfxpfqmqpfthppumdpwuobiukmkhsnhneicwznhhasvnsjfhrsnwkqglwcftfexbyfcgnxnphotvfucahdqazkdncrawiobvuuomgyutfyowxlgbaemcoxcnbpewxqhtmxblfpuiiwuawhqqkyvdczhwrblrtxwoqvjzjuwkkdtrcbruyolzudrnqeteecpkagkbxrhpcltyfpupjqsfmwtndwifbrghojrwrpxhgvwjkshakeuokjydmwxaibokfljwyxxtslyrzkdloivwwsxeknkvsxzfgmeyilcmgbvzkhdctmlagromoellncbvltknffcdfiqvwxudjhbglzyoxrjdarydzznrwqwojiuxbtp&quot;,&quot;kibfavkmuvqnwycoknvxkcgtlnwcebnebrsrpsceobwbziskffnoxshibiunyhhtilmegkyrkqjifftcvlxynzhjkkphypfgtdtowoeuhvdgiycwosrmkifiectvurtvkcpcmefhhcrrvaamhtsfxtwkxkktuizpcivgiakjmkfiqonechobznxrgefbumnyccpmeudhiitnnntjwgrnuyqoleaduipaxggozazidgtqukdslwfouzeelabztzmztsqhhfjvgjjnezubahsydagxcccyzzoeuuxctwlgmjikpqzlgazmgovsmsffclwgvftkcshevmlusvhlcqszabxgyepbqgdbmbpkxpjnsuqtcb&quot;,[&quot;biu&quot;, &quot;ffc&quot;, &quot;fiq&quot;])" methodname="GetLongestCommonSequenceTestRandom" classname="Open_Lab_04._13.Tests" runstate="Runnable" seed="624587001" result="Passed" start-time="2021-12-29 08:36:44Z" end-time="2021-12-29 08:36:44Z" duration="0.002631" asserts="1" />
            <test-case id="1043" name="GetLongestCommonSequenceTestRandom(&quot;rluclsxfuinmycgnpikhqgxnnheggkddweyqwdsjpwuckcllmgblrtjkngpdnqzjejpteqrlqbsulvdkwtuzismcuncpnpvywlxanrhvp&quot;,&quot;vqbpzsdehtwabmxmzqnbxafuxaxcxemyjsxwbenjmjiccwjldarqinrukhszubhchxqioakvceposdrbqmyxnvqwbdlumookbfuegbwcpwndycbgpqjickplhuglpqiopenmjnvoqvhqhmxybffvfghrqjxluknyozotpoxcvushcyduwikjlmijwvwzqjtfhiciyeimhdakoaprfcpmaenbrfxusxmmbmztwvwsaxbimyuvgeunuhfdvarthoukqnjcbvvkgwldcfoskbnndyrthvyvdclmcrryosukijhxvcbpmyjfaggsvpugxagdlzakoqergdfuruyetijftfl&quot;,[&quot;lu&quot;, &quot;cl&quot;, &quot;sx&quot;, &quot;fu&quot;, &quot;in&quot;, ...])" fullname="Open_Lab_04._13.Tests.GetLongestCommonSequenceTestRandom(&quot;rluclsxfuinmycgnpikhqgxnnheggkddweyqwdsjpwuckcllmgblrtjkngpdnqzjejpteqrlqbsulvdkwtuzismcuncpnpvywlxanrhvp&quot;,&quot;vqbpzsdehtwabmxmzqnbxafuxaxcxemyjsxwbenjmjiccwjldarqinrukhszubhchxqioakvceposdrbqmyxnvqwbdlumookbfuegbwcpwndycbgpqjickplhuglpqiopenmjnvoqvhqhmxybffvfghrqjxluknyozotpoxcvushcyduwikjlmijwvwzqjtfhiciyeimhdakoaprfcpmaenbrfxusxmmbmztwvwsaxbimyuvgeunuhfdvarthoukqnjcbvvkgwldcfoskbnndyrthvyvdclmcrryosukijhxvcbpmyjfaggsvpugxagdlzakoqergdfuruyetijftfl&quot;,[&quot;lu&quot;, &quot;cl&quot;, &quot;sx&quot;, &quot;fu&quot;, &quot;in&quot;, ...])" methodname="GetLongestCommonSequenceTestRandom" classname="Open_Lab_04._13.Tests" runstate="Runnable" seed="1463738598" result="Passed" start-time="2021-12-29 08:36:44Z" end-time="2021-12-29 08:36:44Z" duration="0.000901" asserts="1" />
            <test-case id="1044" name="GetLongestCommonSequenceTestRandom(&quot;lyczxomicdmwcrbwurzxblbbrqmpqajfndypnetsqwrnhbcchnlcgovzxbihcxrbtgjyslipxggeuntpnjhdphzyizsmvmqteptbrejveveziqfkhsuspommhlqttwtlqmzetsyjalyudapruhfdrxeqdhtgnqchbsivqaqouksdprihvyzlrqttijbmysvjjrslruburqjhfaalymkprrqlypnhydpcpiuyzxpbxftahmniiqnmhgssahmbgtvnbhsxgcmbwjslxpdmceyiqduipbxrknudjgzzupbfempyogvldazbunxymjieeuqjoocrpermdseenwuigmnkosiwibnkhwajvgjzeevzinybitkppzxsgguwffioqhegsuihnudcqobaugnpqxvhzicolnuzvhibisjnkdcuwucsfubyrtxtlwhjsuvzae&quot;,&quot;jfasbwzenvblegjjrlvhcjpplkavqhcurnsmebzbsokykkcdikeoexeaqkgrwenfshuqnwepltpnzqfaiwmgdnpuirwuvienbefdqmpmfodkirbzffjashberzhvakucpbmulbkvgaapkemrqwopzevtcalretlvuavgfhodvnurgmumnqfdwfclfsrkptrmofvkjfmjiktmkempgz&quot;,[&quot;qmp&quot;, &quot;tpn&quot;, &quot;jjr&quot;, &quot;emp&quot;, &quot;mji&quot;])" fullname="Open_Lab_04._13.Tests.GetLongestCommonSequenceTestRandom(&quot;lyczxomicdmwcrbwurzxblbbrqmpqajfndypnetsqwrnhbcchnlcgovzxbihcxrbtgjyslipxggeuntpnjhdphzyizsmvmqteptbrejveveziqfkhsuspommhlqttwtlqmzetsyjalyudapruhfdrxeqdhtgnqchbsivqaqouksdprihvyzlrqttijbmysvjjrslruburqjhfaalymkprrqlypnhydpcpiuyzxpbxftahmniiqnmhgssahmbgtvnbhsxgcmbwjslxpdmceyiqduipbxrknudjgzzupbfempyogvldazbunxymjieeuqjoocrpermdseenwuigmnkosiwibnkhwajvgjzeevzinybitkppzxsgguwffioqhegsuihnudcqobaugnpqxvhzicolnuzvhibisjnkdcuwucsfubyrtxtlwhjsuvzae&quot;,&quot;jfasbwzenvblegjjrlvhcjpplkavqhcurnsmebzbsokykkcdikeoexeaqkgrwenfshuqnwepltpnzqfaiwmgdnpuirwuvienbefdqmpmfodkirbzffjashberzhvakucpbmulbkvgaapkemrqwopzevtcalretlvuavgfhodvnurgmumnqfdwfclfsrkptrmofvkjfmjiktmkempgz&quot;,[&quot;qmp&quot;, &quot;tpn&quot;, &quot;jjr&quot;, &quot;emp&quot;, &quot;mji&quot;])" methodname="GetLongestCommonSequenceTestRandom" classname="Open_Lab_04._13.Tests" runstate="Runnable" seed="1372228637" result="Passed" start-time="2021-12-29 08:36:44Z" end-time="2021-12-29 08:36:44Z" duration="0.001551" asserts="1" />
            <test-case id="1045" name="GetLongestCommonSequenceTestRandom(&quot;ooizpxkanpdocvhcbrkdhdvvllqabfbeqpcyggfmyezuewrqcblxwwwksnndhjzinzxntiwvlxecebqotzyatdhusrgtsbepfqgfzextepmyrtfqwzkilyojrdubcddjtpwnvlppbewericzlpwtrwdhcwnvkwr&quot;,&quot;mcfcwsvljvghcjsiaupngjswlpkyxtffnurpdactuljwpweseevpgducjiqghwnqqauhscfzsvsvavhpksttypzjapfukvmxxtgpcxacyvxklycnbbvpc&quot;,[&quot;xk&quot;, &quot;pd&quot;, &quot;vh&quot;, &quot;hc&quot;, &quot;vl&quot;, ...])" fullname="Open_Lab_04._13.Tests.GetLongestCommonSequenceTestRandom(&quot;ooizpxkanpdocvhcbrkdhdvvllqabfbeqpcyggfmyezuewrqcblxwwwksnndhjzinzxntiwvlxecebqotzyatdhusrgtsbepfqgfzextepmyrtfqwzkilyojrdubcddjtpwnvlppbewericzlpwtrwdhcwnvkwr&quot;,&quot;mcfcwsvljvghcjsiaupngjswlpkyxtffnurpdactuljwpweseevpgducjiqghwnqqauhscfzsvsvavhpksttypzjapfukvmxxtgpcxacyvxklycnbbvpc&quot;,[&quot;xk&quot;, &quot;pd&quot;, &quot;vh&quot;, &quot;hc&quot;, &quot;vl&quot;, ...])" methodname="GetLongestCommonSequenceTestRandom" classname="Open_Lab_04._13.Tests" runstate="Runnable" seed="828446186" result="Passed" start-time="2021-12-29 08:36:44Z" end-time="2021-12-29 08:36:44Z" duration="0.000444" asserts="1" />
            <test-case id="1046" name="GetLongestCommonSequenceTestRandom(&quot;rabkgcwlpwjuygprmnrrucsoycnrsizxvdbgorqyfngabqavykoixkzphmmepfsgwmzufjdvxtmgvsmhcstiurzkemybemiavadpqfppgtleystpzecxlkmfmoqskbqlkllvoxrwcebagullsjbajloknycbpweedzumhyacnguhilysdeabapbzxbipvpgfzwxgazeuizmdqgbbajykwdenyupgplhyzphmorsdagsadyjqzgplqviwsjifkxexsodazpmirvjqkekzlygjwwiegkufjmtdbvipvirjtgtvlsmnzjulqvawgytovhzfbgoowvedhxppdmsnyggzshmgumjwodomgnteexreeretfkstgfpobzntuhukmhodidjptnjbobvbdsbjtpqinzl&quot;,&quot;zakwdhsxcalbbdaswoazemqcgkqwrfqiscptdnxhjyycgziqpxmyzmcnjhqsqvfwkcjznhoiqspgnovgcagttrjgzcjwxfqoscrepicijdhgwwzvljqppmcstdzlxsllcbolwrrtyykpjcjdcnknoaygzzlljrkrrwdvinzurxrqbniquvikhxwcchmxgfjgnsxnznvoopwriiem&quot;,[&quot;cst&quot;, &quot;aze&quot;, &quot;kwd&quot;, &quot;inz&quot;])" fullname="Open_Lab_04._13.Tests.GetLongestCommonSequenceTestRandom(&quot;rabkgcwlpwjuygprmnrrucsoycnrsizxvdbgorqyfngabqavykoixkzphmmepfsgwmzufjdvxtmgvsmhcstiurzkemybemiavadpqfppgtleystpzecxlkmfmoqskbqlkllvoxrwcebagullsjbajloknycbpweedzumhyacnguhilysdeabapbzxbipvpgfzwxgazeuizmdqgbbajykwdenyupgplhyzphmorsdagsadyjqzgplqviwsjifkxexsodazpmirvjqkekzlygjwwiegkufjmtdbvipvirjtgtvlsmnzjulqvawgytovhzfbgoowvedhxppdmsnyggzshmgumjwodomgnteexreeretfkstgfpobzntuhukmhodidjptnjbobvbdsbjtpqinzl&quot;,&quot;zakwdhsxcalbbdaswoazemqcgkqwrfqiscptdnxhjyycgziqpxmyzmcnjhqsqvfwkcjznhoiqspgnovgcagttrjgzcjwxfqoscrepicijdhgwwzvljqppmcstdzlxsllcbolwrrtyykpjcjdcnknoaygzzlljrkrrwdvinzurxrqbniquvikhxwcchmxgfjgnsxnznvoopwriiem&quot;,[&quot;cst&quot;, &quot;aze&quot;, &quot;kwd&quot;, &quot;inz&quot;])" methodname="GetLongestCommonSequenceTestRandom" classname="Open_Lab_04._13.Tests" runstate="Runnable" seed="1256658595" result="Passed" start-time="2021-12-29 08:36:44Z" end-time="2021-12-29 08:36:44Z" duration="0.001397" asserts="1" />
            <test-case id="1047" name="GetLongestCommonSequenceTestRandom(&quot;vrniajuzbsabcomnkcjpvrgatvrbftudagkowxnjdoxvvnmbjexfvxvekmoersuiyxbvdxqnpzlhtlfgjqrbvohdlgdjiirkuowxmqxlnkpvlokyhivbasnjpxjwthehianfphussfnkzmrxwfbamqjbbmiogbsggimkaejancivfdkcfmaofdurqlecyglrnhdrzhwrvbnkiovycgiubdadnvtpagchqqhxztcypitepkjcpgasxrqkgzdenhroygtrhyyidjfskwodlrzugkjzawqzpylhrefjqsurhronmxaklztviwiowtrkhytfyxbfremtxhmovwncwgopepzuvqnwajj&quot;,&quot;yjpovuthnzyakutagoobkdaixhkarpsnxdpmgygcmgcfryjbxmqlviyvigqnjspyhldhehtihlodavrzyidezgrpeudahtsuqeygvcxptiejuuunprpbpkyatncjdtaotumwxlevlnlqcivkzqlqdreffxmhznmaipqzhypenupczixlssjnhjlcpgqzywvxalinsvcbagdjbbgxabohdysydnjahqgqyrbnzktxpinagcaoa&quot;,[&quot;uda&quot;, &quot;ohd&quot;, &quot;gdj&quot;, &quot;xmq&quot;, &quot;heh&quot;, ...])" fullname="Open_Lab_04._13.Tests.GetLongestCommonSequenceTestRandom(&quot;vrniajuzbsabcomnkcjpvrgatvrbftudagkowxnjdoxvvnmbjexfvxvekmoersuiyxbvdxqnpzlhtlfgjqrbvohdlgdjiirkuowxmqxlnkpvlokyhivbasnjpxjwthehianfphussfnkzmrxwfbamqjbbmiogbsggimkaejancivfdkcfmaofdurqlecyglrnhdrzhwrvbnkiovycgiubdadnvtpagchqqhxztcypitepkjcpgasxrqkgzdenhroygtrhyyidjfskwodlrzugkjzawqzpylhrefjqsurhronmxaklztviwiowtrkhytfyxbfremtxhmovwncwgopepzuvqnwajj&quot;,&quot;yjpovuthnzyakutagoobkdaixhkarpsnxdpmgygcmgcfryjbxmqlviyvigqnjspyhldhehtihlodavrzyidezgrpeudahtsuqeygvcxptiejuuunprpbpkyatncjdtaotumwxlevlnlqcivkzqlqdreffxmhznmaipqzhypenupczixlssjnhjlcpgqzywvxalinsvcbagdjbbgxabohdysydnjahqgqyrbnzktxpinagcaoa&quot;,[&quot;uda&quot;, &quot;ohd&quot;, &quot;gdj&quot;, &quot;xmq&quot;, &quot;heh&quot;, ...])" methodname="GetLongestCommonSequenceTestRandom" classname="Open_Lab_04._13.Tests" runstate="Runnable" seed="1789189096" result="Passed" start-time="2021-12-29 08:36:44Z" end-time="2021-12-29 08:36:44Z" duration="0.003346" asserts="1" />
            <test-case id="1048" name="GetLongestCommonSequenceTestRandom(&quot;zwinuctkjelbukamkkasxqiqsvlrrbnvanqjikxzuoaomnodaurqnhvjnrvzqbthqpbgtrdanbyjpteegirwkxisshvroyisvsyxmikiqqdmjmttnrsikwxthinlvmmosfnwvhryyigtuvjfncdxfzhzvepeuyndeotdzxxgzukcpdzlyixtjpjtxnbrrnezucpgcfgqexxlpfjrfdfmbuupeaflwgolplinotjsbholrxdsdklnirxzhabbzuuxjlvdwwcmumktfjxhwnilvadxnigosishnrcgczvghztvhduxdtemmiciixqoqoumtdgnhqfwrbevhhqjoilydgvfptyejhqtfgbexgqmoivkdgaahgzidwjnibynsanjklqagmmiryjvkkbit&quot;,&quot;xchipjxovvhctoulzsqzuuurqenndxapuudlccvhcsqqapfuazljstechprlwjkyvrizkjjxwixcedrbzsnemqxbqbdmkklshsvjhfkrpnmjvbxeyqldwgleugijgwmlxeulhiuthwoydofodzntyhwagrpawaksbblrhmwqwsvasmafaughjsnqhueqttwhlvxccnhrdxxglwiuqjzcudjiovjmhfxcvoowpxdmnodlvgelmkzjtumhmoogdukxzukwhletfmpfzxnhqyawfnibchkbiwjsegmavieaggegfghoahqfunrlljuabdkjdwatlnliuapzjbvvzvabgdxrpaolndydvudifocnvhluyrcjoyafdjcayjelyauqbmeoympltmfysdsxxexpdsalscjwkrovnuslmnlbipmqeehvqgnucfnjmtwwdtbcyjlxkhkktwgnfjhnvofdduti&quot;,[&quot;kxzu&quot;, &quot;mnod&quot;])" fullname="Open_Lab_04._13.Tests.GetLongestCommonSequenceTestRandom(&quot;zwinuctkjelbukamkkasxqiqsvlrrbnvanqjikxzuoaomnodaurqnhvjnrvzqbthqpbgtrdanbyjpteegirwkxisshvroyisvsyxmikiqqdmjmttnrsikwxthinlvmmosfnwvhryyigtuvjfncdxfzhzvepeuyndeotdzxxgzukcpdzlyixtjpjtxnbrrnezucpgcfgqexxlpfjrfdfmbuupeaflwgolplinotjsbholrxdsdklnirxzhabbzuuxjlvdwwcmumktfjxhwnilvadxnigosishnrcgczvghztvhduxdtemmiciixqoqoumtdgnhqfwrbevhhqjoilydgvfptyejhqtfgbexgqmoivkdgaahgzidwjnibynsanjklqagmmiryjvkkbit&quot;,&quot;xchipjxovvhctoulzsqzuuurqenndxapuudlccvhcsqqapfuazljstechprlwjkyvrizkjjxwixcedrbzsnemqxbqbdmkklshsvjhfkrpnmjvbxeyqldwgleugijgwmlxeulhiuthwoydofodzntyhwagrpawaksbblrhmwqwsvasmafaughjsnqhueqttwhlvxccnhrdxxglwiuqjzcudjiovjmhfxcvoowpxdmnodlvgelmkzjtumhmoogdukxzukwhletfmpfzxnhqyawfnibchkbiwjsegmavieaggegfghoahqfunrlljuabdkjdwatlnliuapzjbvvzvabgdxrpaolndydvudifocnvhluyrcjoyafdjcayjelyauqbmeoympltmfysdsxxexpdsalscjwkrovnuslmnlbipmqeehvqgnucfnjmtwwdtbcyjlxkhkktwgnfjhnvofdduti&quot;,[&quot;kxzu&quot;, &quot;mnod&quot;])" methodname="GetLongestCommonSequenceTestRandom" classname="Open_Lab_04._13.Tests" runstate="Runnable" seed="1380291949" result="Passed" start-time="2021-12-29 08:36:44Z" end-time="2021-12-29 08:36:44Z" duration="0.003137" asserts="1" />
[...]
            <test-case id="1092" name="GetLongestCommonSequenceTestRandom(&quot;rqdshnhqyjcniwnppdlboesrgspokxwfrcezsvjkxvbdbgboxcfzziqnylmoytfbnxwgsnxuubdscoqzqaqhswfjmragiulepaqdkvwkfkfyexkkvmyydyirrnuamqlaqzdcynpvdfciqheogqlwvnarsylxbwxoyeifuilhxc&quot;,&quot;xwaakifuwepecyljzbruhinjmzyuxfdytscvsybovbbkjzfgiymgfhnpiqnlkkwqaqlkwprazdyfgcamtrlytxtlemmblqekekjsoukthlhbjijgqarszxxdxzgjdqpjznavthyzhsrhprcwdgkkzllhmgvoobqqvycvhnnjcslggqngxkfwffjnctjmmjkfcblrogoqtbihaebwsorevtkqootndawshfeeewrqvodewcnxsmuxsgkiqvdznamteqzuawswxaigqgtlbwvrfzzavvoisrduckzgdswwuyarydsjbryrfvnfqzzehjdfxneghniizywgzibscehaslpgwupdtrolvutkymcojqrgzggixhcdccmlyyjnxfohklleortqctrcuigpohfmpljtihlacoqebjwnvbug&quot;,[&quot;fzz&quot;, &quot;iqn&quot;, &quot;coq&quot;, &quot;qaq&quot;, &quot;ars&quot;, ...])" fullname="Open_Lab_04._13.Tests.GetLongestCommonSequenceTestRandom(&quot;rqdshnhqyjcniwnppdlboesrgspokxwfrcezsvjkxvbdbgboxcfzziqnylmoytfbnxwgsnxuubdscoqzqaqhswfjmragiulepaqdkvwkfkfyexkkvmyydyirrnuamqlaqzdcynpvdfciqheogqlwvnarsylxbwxoyeifuilhxc&quot;,&quot;xwaakifuwepecyljzbruhinjmzyuxfdytscvsybovbbkjzfgiymgfhnpiqnlkkwqaqlkwprazdyfgcamtrlytxtlemmblqekekjsoukthlhbjijgqarszxxdxzgjdqpjznavthyzhsrhprcwdgkkzllhmgvoobqqvycvhnnjcslggqngxkfwffjnctjmmjkfcblrogoqtbihaebwsorevtkqootndawshfeeewrqvodewcnxsmuxsgkiqvdznamteqzuawswxaigqgtlbwvrfzzavvoisrduckzgdswwuyarydsjbryrfvnfqzzehjdfxneghniizywgzibscehaslpgwupdtrolvutkymcojqrgzggixhcdccmlyyjnxfohklleortqctrcuigpohfmpljtihlacoqebjwnvbug&quot;,[&quot;fzz&quot;, &quot;iqn&quot;, &quot;coq&quot;, &quot;qaq&quot;, &quot;ars&quot;, ...])" methodname="GetLongestCommonSequenceTestRandom" classname="Open_Lab_04._13.Tests" runstate="Runnable" seed="886738932" result="Passed" start-time="2021-12-29 08:36:44Z" end-time="2021-12-29 08:36:44Z" duration="0.000999" asserts="1" />
            <test-case id="1093" name="GetLongestCommonSequenceTestRandom(&quot;maikkrqruzpzcsycsvgftnncmakmtumnzydlaiyqviipafzrxldfnauymgyjgdyamczeoncjxpkkfybhbtpiqgzzdeytkpkrkicyfvcjitiypktofqhmopjgdaajpiziftzwvdcgrfzxybjslkotixduywueusuzuzswkwscoaviqmhcqhyeufaipfyyixmylzcyiniormfhbudmosomtpfozkgfyttrowwrjitdzjmiasgvblkpjzewtozygcqxsotexmcfzknkcxogdldmjehoraxvjvwwtoplzbxojeqymutwzsuvydoogem&quot;,&quot;pgwdoqqnhchcnpdfojcxhawraaxqabfuobychmjvefowkrijziawcpppkfdnszngxnnmqbxbzhsclzgisoqrairymjrcjwceshzxewsylywvwmdlzuvejvfovpzhjusdeojezievwrgclwbzffdpayvwclbowkpqftqidzmqpzhrpdcynacerdcfsnbohpzlcpwsgswgsnzbqdhyicbwilzcqkqpxyizavpzgksuevlddbopfdfeocdrqubvcgiueaavnhsxkhrmzvyovbkusdkxsyjmixrynqycbtbxkiuglqruvnzbvocapccpygonptzjxvncamjkjembhpqvxqcyoxnyqlzethrrrhxzzxbjerrlqbhjqtpzrauziplonfqbnukarqwzpsuwgbhpepoarsaqmyrkmmvzapyvqhrzwpjygyshhvkxqqkuutntz&quot;,[&quot;qru&quot;, &quot;lzc&quot;, &quot;jmi&quot;, &quot;oje&quot;])" fullname="Open_Lab_04._13.Tests.GetLongestCommonSequenceTestRandom(&quot;maikkrqruzpzcsycsvgftnncmakmtumnzydlaiyqviipafzrxldfnauymgyjgdyamczeoncjxpkkfybhbtpiqgzzdeytkpkrkicyfvcjitiypktofqhmopjgdaajpiziftzwvdcgrfzxybjslkotixduywueusuzuzswkwscoaviqmhcqhyeufaipfyyixmylzcyiniormfhbudmosomtpfozkgfyttrowwrjitdzjmiasgvblkpjzewtozygcqxsotexmcfzknkcxogdldmjehoraxvjvwwtoplzbxojeqymutwzsuvydoogem&quot;,&quot;pgwdoqqnhchcnpdfojcxhawraaxqabfuobychmjvefowkrijziawcpppkfdnszngxnnmqbxbzhsclzgisoqrairymjrcjwceshzxewsylywvwmdlzuvejvfovpzhjusdeojezievwrgclwbzffdpayvwclbowkpqftqidzmqpzhrpdcynacerdcfsnbohpzlcpwsgswgsnzbqdhyicbwilzcqkqpxyizavpzgksuevlddbopfdfeocdrqubvcgiueaavnhsxkhrmzvyovbkusdkxsyjmixrynqycbtbxkiuglqruvnzbvocapccpygonptzjxvncamjkjembhpqvxqcyoxnyqlzethrrrhxzzxbjerrlqbhjqtpzrauziplonfqbnukarqwzpsuwgbhpepoarsaqmyrkmmvzapyvqhrzwpjygyshhvkxqqkuutntz&quot;,[&quot;qru&quot;, &quot;lzc&quot;, &quot;jmi&quot;, &quot;oje&quot;])" methodname="GetLongestCommonSequenceTestRandom" classname="Open_Lab_04._13.Tests" runstate="Runnable" seed="224201002" result="Passed" start-time="2021-12-29 08:36:44Z" end-time="2021-12-29 08:36:44Z" duration="0.001858" asserts="1" />
            <test-case id="1094" name="GetLongestCommonSequenceTestRandom(&quot;ncwuvqclywyodcibjofjdqcyikfdbxuyalbgbmcbevwnzcmhmtkyopixaymllzkbczosaczxldfhtpygxxrinvklcegdarqflvlzouhktmmkjadlzfnnicogpcpwvwxunawydzscqgoaizbcaududcxihejlflowoswjefhankxbnnyqamvbtdqkdnrzpgxfsslpdsyuncgsfvvtftkspndlblfqoilgnrivbimioanqwxfhsxtwwepfoaormhgfraennarxgcdpzmpdgyyqop&quot;,&quot;jcdgbuvvhuizwsrurgwptaafblklojpqcpvljtpdlgwvrntkodgkszqicyfqjkgxerwgxgkyqsemeeonszwkcfycymjloztazyqzrmnisitzveexjrxjowvztuhkwzkrydmfopwfmnrulyhuimbwbjmddqfwecltybbrryiuusxaeanvmnckxnporjcxjzajcywjxpdjdhbjmmzcckkrabvklmahwkkvroygedxxjtgqlgcekzuzpjiaclylpvmtwgrxosy&quot;,[&quot;cly&quot;, &quot;vkl&quot;, &quot;uhk&quot;])" fullname="Open_Lab_04._13.Tests.GetLongestCommonSequenceTestRandom(&quot;ncwuvqclywyodcibjofjdqcyikfdbxuyalbgbmcbevwnzcmhmtkyopixaymllzkbczosaczxldfhtpygxxrinvklcegdarqflvlzouhktmmkjadlzfnnicogpcpwvwxunawydzscqgoaizbcaududcxihejlflowoswjefhankxbnnyqamvbtdqkdnrzpgxfsslpdsyuncgsfvvtftkspndlblfqoilgnrivbimioanqwxfhsxtwwepfoaormhgfraennarxgcdpzmpdgyyqop&quot;,&quot;jcdgbuvvhuizwsrurgwptaafblklojpqcpvljtpdlgwvrntkodgkszqicyfqjkgxerwgxgkyqsemeeonszwkcfycymjloztazyqzrmnisitzveexjrxjowvztuhkwzkrydmfopwfmnrulyhuimbwbjmddqfwecltybbrryiuusxaeanvmnckxnporjcxjzajcywjxpdjdhbjmmzcckkrabvklmahwkkvroygedxxjtgqlgcekzuzpjiaclylpvmtwgrxosy&quot;,[&quot;cly&quot;, &quot;vkl&quot;, &quot;uhk&quot;])" methodname="GetLongestCommonSequenceTestRandom" classname="Open_Lab_04._13.Tests" runstate="Runnable" seed="1621901380" result="Passed" start-time="2021-12-29 08:36:44Z" end-time="2021-12-29 08:36:44Z" duration="0.000992" asserts="1" />
            <test-case id="1095" name="GetLongestCommonSequenceTestRandom(&quot;mnihvfzfjvxwqlfifxesfmhngnueofqrbvmcbbewmsctypdkbjrqogtafuailuqdfgvuydhethfmkopqjjdfnzcucmxgavlscyostilxcnxhagprejybqlqfdbrmgadxvnklzxxbxgczcvuvwfcrxjcrhjosqzrckalnwdrhmxekircigwpaylzmlseqjekyoaocjgztouezfriqgflukrdzazbdzayingvicazzwwldgagtknkdspnxwpcjfvtnwwmzwzngglxofasasitmqupxsymnypubdxgjnhxkzewgszrvxcrwcgxchphynahrrwlhuimllimmyjfsgqqvxyywaecyaywywepvokbopglttkdyjorxkmtsyogqfokmmoqttkewobfrmecqaeomhzojlwwzdlibvzhfukezkviigcftmqpbayfmzgixnesdsevnwwwqzoblrfdiqdnnvhbxtufnchmgceqcgsx&quot;,&quot;tzblwtvudzgjqfhldyubqinsbvimpbcyfxtwfpazzlkcacpwxeyiyvylljkaljfbwidsmlfnxucfykryglpkctakyhkwfaopfifszwjlylldstmarluztvzdhttebjhwgmzpeyzjbdlqiwsfvjeugowkjclfcfkpeoxguxvtmkxqjivkbojrfnqrqogcnthwtvmtzlkynkhvrfbahaeovskqxgpfqtgsdawnwblpdldufvaknfumosbblvvswfhuepsqjnegopkjoqlcgeslytdkzvcagtsyejpqcjbzboyzhrmuksmrmwvllhrokdzvwmfeavawdsjkuechihqng&quot;,[&quot;rqog&quot;])" fullname="Open_Lab_04._13.Tests.GetLongestCommonSequenceTestRandom(&quot;mnihvfzfjvxwqlfifxesfmhngnueofqrbvmcbbewmsctypdkbjrqogtafuailuqdfgvuydhethfmkopqjjdfnzcucmxgavlscyostilxcnxhagprejybqlqfdbrmgadxvnklzxxbxgczcvuvwfcrxjcrhjosqzrckalnwdrhmxekircigwpaylzmlseqjekyoaocjgztouezfriqgflukrdzazbdzayingvicazzwwldgagtknkdspnxwpcjfvtnwwmzwzngglxofasasitmqupxsymnypubdxgjnhxkzewgszrvxcrwcgxchphynahrrwlhuimllimmyjfsgqqvxyywaecyaywywepvokbopglttkdyjorxkmtsyogqfokmmoqttkewobfrmecqaeomhzojlwwzdlibvzhfukezkviigcftmqpbayfmzgixnesdsevnwwwqzoblrfdiqdnnvhbxtufnchmgceqcgsx&quot;,&quot;tzblwtvudzgjqfhldyubqinsbvimpbcyfxtwfpazzlkcacpwxeyiyvylljkaljfbwidsmlfnxucfykryglpkctakyhkwfaopfifszwjlylldstmarluztvzdhttebjhwgmzpeyzjbdlqiwsfvjeugowkjclfcfkpeoxguxvtmkxqjivkbojrfnqrqogcnthwtvmtzlkynkhvrfbahaeovskqxgpfqtgsdawnwblpdldufvaknfumosbblvvswfhuepsqjnegopkjoqlcgeslytdkzvcagtsyejpqcjbzboyzhrmuksmrmwvllhrokdzvwmfeavawdsjkuechihqng&quot;,[&quot;rqog&quot;])" methodname="GetLongestCommonSequenceTestRandom" classname="Open_Lab_04._13.Tests" runstate="Runnable" seed="1383816619" result="Passed" start-time="2021-12-29 08:36:44Z" end-time="2021-12-29 08:36:44Z" duration="0.008162" asserts="1" />
            <test-case id="1096" name="GetLongestCommonSequenceTestRandom(&quot;mhoeevsnpxodcvlhuosqntmlqgejfdmmpvayqvqedqdlvrchwbnbupnsucoxqjhllcogvnqyxnmxpbpyexndplrzihdnhtnuisatdwmikodhcpctmpst&quot;,&quot;evzkoxnjcrezsoxawvikesbhkwtfkarauxewaioyzyhxzhkafsqukjrlusaseizczdfukbaogklfldhdmsarkwqkgsbiivtqzfxvbpqdscnaxlaqkxgmiirdnuorzrflqugfgmbwbwyijpnuskxlphiqouhgazdawcjdevkyvjkljitxhtyouuwjlpqmeuwcsymgfjqxazpfwwhfakyhaogbgaroeytanislwnrydboueqnoilluvocerkafsbtcfornevjnsaeyamxpncgtmzfzgotlmmgciloqyzkmbybvkddfnlrpuzqfjshpbxbfucppxgqostrnxkockoyauqhivigfsukexwahnoigudxbicizdeenzaldvhuoakwxinqbjhowgrfqtfasahcnqxexkwmgutgkhztvlgpwqihhuukpgbntiigl&quot;,[&quot;huo&quot;, &quot;mxp&quot;])" fullname="Open_Lab_04._13.Tests.GetLongestCommonSequenceTestRandom(&quot;mhoeevsnpxodcvlhuosqntmlqgejfdmmpvayqvqedqdlvrchwbnbupnsucoxqjhllcogvnqyxnmxpbpyexndplrzihdnhtnuisatdwmikodhcpctmpst&quot;,&quot;evzkoxnjcrezsoxawvikesbhkwtfkarauxewaioyzyhxzhkafsqukjrlusaseizczdfukbaogklfldhdmsarkwqkgsbiivtqzfxvbpqdscnaxlaqkxgmiirdnuorzrflqugfgmbwbwyijpnuskxlphiqouhgazdawcjdevkyvjkljitxhtyouuwjlpqmeuwcsymgfjqxazpfwwhfakyhaogbgaroeytanislwnrydboueqnoilluvocerkafsbtcfornevjnsaeyamxpncgtmzfzgotlmmgciloqyzkmbybvkddfnlrpuzqfjshpbxbfucppxgqostrnxkockoyauqhivigfsukexwahnoigudxbicizdeenzaldvhuoakwxinqbjhowgrfqtfasahcnqxexkwmgutgkhztvlgpwqihhuukpgbntiigl&quot;,[&quot;huo&quot;, &quot;mxp&quot;])" methodname="GetLongestCommonSequenceTestRandom" classname="Open_Lab_04._13.Tests" runstate="Runnable" seed="2123875084" result="Passed" start-time="2021-12-29 08:36:44Z" end-time="2021-12-29 08:36:44Z" duration="0.000873" asserts="1" />
            <test-case id="1097" name="GetLongestCommonSequenceTestRandom(&quot;tqmuhbmlvitmegurfwhpxcpmxatgmbyshmspdcigvvymqdbutbdmzvlqaaxhigytjaesoeodnbubddwuyymkymtmbbocebxpwecpyjgpnayxajnwddjktovxgsqmplymdfeybhvorxxyowmrorzbsnvijfifstacbmuueovwhuswrwikgyyxlwupkwpwypvywuwbbrnawduxvzrmwxztvcqfsekiyzxrzuzwahj&quot;,&quot;lxaibwuledzbqbcudqjxhebxfcyazvlpolixcidvjyevzwbxrfsjymghvddyyuljrkmetesvnnniagyjbbjuccrcebcyeexpnueojwdmnxwkyygpeuxxkqhotkasctqipxufcjzexwhefgdgumtkhaexnpuzwljtgouadbnvusaoicjngtxqzfapsxrmpailnnxrlcdtzyqoaqplghscntubnehgjafujoauesbdqeqaplpbigghhgxttwdguxjzsvflpugofoljdulbpfxcuymdqhbioviturhtgelnzrctuoqylbrpzheujbuityzkgs&quot;,[&quot;vit&quot;, &quot;zvl&quot;, &quot;ceb&quot;, &quot;ebx&quot;, &quot;ymd&quot;, ...])" fullname="Open_Lab_04._13.Tests.GetLongestCommonSequenceTestRandom(&quot;tqmuhbmlvitmegurfwhpxcpmxatgmbyshmspdcigvvymqdbutbdmzvlqaaxhigytjaesoeodnbubddwuyymkymtmbbocebxpwecpyjgpnayxajnwddjktovxgsqmplymdfeybhvorxxyowmrorzbsnvijfifstacbmuueovwhuswrwikgyyxlwupkwpwypvywuwbbrnawduxvzrmwxztvcqfsekiyzxrzuzwahj&quot;,&quot;lxaibwuledzbqbcudqjxhebxfcyazvlpolixcidvjyevzwbxrfsjymghvddyyuljrkmetesvnnniagyjbbjuccrcebcyeexpnueojwdmnxwkyygpeuxxkqhotkasctqipxufcjzexwhefgdgumtkhaexnpuzwljtgouadbnvusaoicjngtxqzfapsxrmpailnnxrlcdtzyqoaqplghscntubnehgjafujoauesbdqeqaplpbigghhgxttwdguxjzsvflpugofoljdulbpfxcuymdqhbioviturhtgelnzrctuoqylbrpzheujbuityzkgs&quot;,[&quot;vit&quot;, &quot;zvl&quot;, &quot;ceb&quot;, &quot;ebx&quot;, &quot;ymd&quot;, ...])" methodname="GetLongestCommonSequenceTestRandom" classname="Open_Lab_04._13.Tests" runstate="Runnable" seed="784300803" result="Passed" start-time="2021-12-29 08:36:44Z" end-time="2021-12-29 08:36:44Z" duration="0.002394" asserts="1" />
            <test-case id="1098" name="GetLongestCommonSequenceTestRandom(&quot;lmrvltjdcvtjcrcwmdtunmmkfjdubrsmczeltggvpeczqssrqbngmxbzahpbqpbkdggdmqdfxyejjntmrmezemaexellqeeacsvjloeayhintsqnndkekcfrfcfierotuegrrjbchdbwdnlfoyxntapameeijwvgsotolywecixgbjnsratgubaupgfmfstkiueptwtpbtlkciydrlridomrozzetjyjpmygeyzuhdeapprghcvuakhuhmauxpwsvbvqkrysmxbzjmbziswqodjefezrxexrhmfotbwpedidjikvlbmesfersrkfsguhajrxhnfgwgmk&quot;,&quot;guxuegwsszbinwcqqxxiadaqnnywfilstvlwnlnzxohkqotqdqfjocvduhhqianknipskfdfjykmvqayuhtpcceraicfexrxbxwhzbgxmzzqrjhdhivagyhleyrbcxbmhmkyttytbvcdcnzrbyyvbqqdpkcbjeuoynjeyjjnkczlveiryaaezfkqwhiiqwjwaneodvtrokkyqfhlckdjeqptdsiqaaxntdlhztndhipoulaqawgftzsjyllkmcrnnxfnuzlixzcvbbyrsrqduruukbjoicqerbaxgnwakyitwwixmusumntwckctpxaujxezaakfvpsviaxosmcnkvsdieuvkdknyokzsjwljmzwuxocnoadvmjnfarvfousefxtpywjpqexwvjkqshwchslfxtrsbfvshspzumpsrneilrjrgfn&quot;,[&quot;smc&quot;, &quot;srq&quot;, &quot;jjn&quot;, &quot;qnn&quot;, &quot;ueg&quot;, ...])" fullname="Open_Lab_04._13.Tests.GetLongestCommonSequenceTestRandom(&quot;lmrvltjdcvtjcrcwmdtunmmkfjdubrsmczeltggvpeczqssrqbngmxbzahpbqpbkdggdmqdfxyejjntmrmezemaexellqeeacsvjloeayhintsqnndkekcfrfcfierotuegrrjbchdbwdnlfoyxntapameeijwvgsotolywecixgbjnsratgubaupgfmfstkiueptwtpbtlkciydrlridomrozzetjyjpmygeyzuhdeapprghcvuakhuhmauxpwsvbvqkrysmxbzjmbziswqodjefezrxexrhmfotbwpedidjikvlbmesfersrkfsguhajrxhnfgwgmk&quot;,&quot;guxuegwsszbinwcqqxxiadaqnnywfilstvlwnlnzxohkqotqdqfjocvduhhqianknipskfdfjykmvqayuhtpcceraicfexrxbxwhzbgxmzzqrjhdhivagyhleyrbcxbmhmkyttytbvcdcnzrbyyvbqqdpkcbjeuoynjeyjjnkczlveiryaaezfkqwhiiqwjwaneodvtrokkyqfhlckdjeqptdsiqaaxntdlhztndhipoulaqawgftzsjyllkmcrnnxfnuzlixzcvbbyrsrqduruukbjoicqerbaxgnwakyitwwixmusumntwckctpxaujxezaakfvpsviaxosmcnkvsdieuvkdknyokzsjwljmzwuxocnoadvmjnfarvfousefxtpywjpqexwvjkqshwchslfxtrsbfvshspzumpsrneilrjrgfn&quot;,[&quot;smc&quot;, &quot;srq&quot;, &quot;jjn&quot;, &quot;qnn&quot;, &quot;ueg&quot;, ...])" methodname="GetLongestCommonSequenceTestRandom" classname="Open_Lab_04._13.Tests" runstate="Runnable" seed="1215885740" result="Passed" start-time="2021-12-29 08:36:44Z" end-time="2021-12-29 08:36:44Z" duration="0.002549" asserts="1" />
            <test-case id="1099" name="GetLongestCommonSequenceTestRandom(&quot;ypwmmoseerokifpdulvgselundtfkamvsotrvcngtlnayuzfcfwujgotecyjunueftsumxirypngqlvtdodedrmlzzmsedmgrjufbetexfwuthdtheffjpanggumkpnucgphqpsyuzgyurrswtkzygwbjhyukhthrbrnrwdrmglkicsopcpreovwkoyiqxonfzgtaeaaqtm&quot;,&quot;vmsgojfirccdfuccyuaprxejvzokbpalbdbxwruhrgwdwdnfbxcwsxayhilovvgcbqcctfggztylabmsmiidmetddcqnfglvzucfbkmwrvwyzpxgwtbmmdpwxyyqptbthclgygrbwmmriueofjrmeyjvfficmvhxudrxdrhpbzqarxodtjlfcooitpasyopbeoxedhlnbbkeiiehrejcjbvfoidnqoqnkpvcajzmyydaekakltbtfmrdsrqvdxwmlxutmbhifxdlxubdhtcxnwixxsjiseibbrpgqhyjmsohigfyqmnkvyzoowwurypaocjgfunavsluiaoqmlsgqyfcrbstkdrndotfwzsvynpcnefnhfhffjjqxh&quot;,[&quot;wmm&quot;, &quot;ryp&quot;, &quot;ffj&quot;])" fullname="Open_Lab_04._13.Tests.GetLongestCommonSequenceTestRandom(&quot;ypwmmoseerokifpdulvgselundtfkamvsotrvcngtlnayuzfcfwujgotecyjunueftsumxirypngqlvtdodedrmlzzmsedmgrjufbetexfwuthdtheffjpanggumkpnucgphqpsyuzgyurrswtkzygwbjhyukhthrbrnrwdrmglkicsopcpreovwkoyiqxonfzgtaeaaqtm&quot;,&quot;vmsgojfirccdfuccyuaprxejvzokbpalbdbxwruhrgwdwdnfbxcwsxayhilovvgcbqcctfggztylabmsmiidmetddcqnfglvzucfbkmwrvwyzpxgwtbmmdpwxyyqptbthclgygrbwmmriueofjrmeyjvfficmvhxudrxdrhpbzqarxodtjlfcooitpasyopbeoxedhlnbbkeiiehrejcjbvfoidnqoqnkpvcajzmyydaekakltbtfmrdsrqvdxwmlxutmbhifxdlxubdhtcxnwixxsjiseibbrpgqhyjmsohigfyqmnkvyzoowwurypaocjgfunavsluiaoqmlsgqyfcrbstkdrndotfwzsvynpcnefnhfhffjjqxh&quot;,[&quot;wmm&quot;, &quot;ryp&quot;, &quot;ffj&quot;])" methodname="GetLongestCommonSequenceTestRandom" classname="Open_Lab_04._13.Tests" runstate="Runnable" seed="559595544" result="Passed" start-time="2021-12-29 08:36:44Z" end-time="2021-12-29 08:36:44Z" duration="0.001278" asserts="1" />
            <test-case id="1100" name="GetLongestCommonSequenceTestRandom(&quot;ectpraxruhitntwhdjdpnvemfvmitecipkotexxbpnlgylumicfhtsbixhkvopxpezededcflbzzkyntbzzryvpxigwxncmaqvbyhrhfzawrscyzuquppfrikhuygfsjpzjowomksuryzxeghwcwixkkesnzwiyuhncttkcfejwvnsjncorkcvaroyjdamnjvxqmvlnxtxsyapxmjaxirosmmkeubzeswmzqbwsratqedcqzbwuaoesheeakhswuszbopgkmhghxynijtetefedrtslwwhjixvmdackumhsiwvirvqrdzspovjuwvnqawzacbeiq&quot;,&quot;zsxluuykubfqgjfgxhqiozyrsmxufpqiajaarcbovmamkjppvwdxrifztgtixdefkxqxjepvgcmbylgiwhzjltqsdagkisrrivcntsgqgiqpvdbiaklpeutqhytiyfmnkvtditpdajdddawazxjxhcnncmgvzxrbvcfajyzhvhouqqmgbsjbvpgihfavmuecrchbvvqaxccznswmaztgoqfgvxsexdubdldoillfcidtnhupiovmaxobwafydmdthawbpidponefmmtocdviihbgxbshfncqfjmmktaakgymsjokhrvarulzzqenqwjbkoadahdjcuybjonomhaorczkxmnuomkowwbeilkanmxwwkpkdqbivvkiopgntjuqkjenmifbwaaefcnnwcr&quot;,[&quot;hdj&quot;, &quot;ncm&quot;, &quot;omk&quot;, &quot;var&quot;, &quot;mmk&quot;, ...])" fullname="Open_Lab_04._13.Tests.GetLongestCommonSequenceTestRandom(&quot;ectpraxruhitntwhdjdpnvemfvmitecipkotexxbpnlgylumicfhtsbixhkvopxpezededcflbzzkyntbzzryvpxigwxncmaqvbyhrhfzawrscyzuquppfrikhuygfsjpzjowomksuryzxeghwcwixkkesnzwiyuhncttkcfejwvnsjncorkcvaroyjdamnjvxqmvlnxtxsyapxmjaxirosmmkeubzeswmzqbwsratqedcqzbwuaoesheeakhswuszbopgkmhghxynijtetefedrtslwwhjixvmdackumhsiwvirvqrdzspovjuwvnqawzacbeiq&quot;,&quot;zsxluuykubfqgjfgxhqiozyrsmxufpqiajaarcbovmamkjppvwdxrifztgtixdefkxqxjepvgcmbylgiwhzjltqsdagkisrrivcntsgqgiqpvdbiaklpeutqhytiyfmnkvtditpdajdddawazxjxhcnncmgvzxrbvcfajyzhvhouqqmgbsjbvpgihfavmuecrchbvvqaxccznswmaztgoqfgvxsexdubdldoillfcidtnhupiovmaxobwafydmdthawbpidponefmmtocdviihbgxbshfncqfjmmktaakgymsjokhrvarulzzqenqwjbkoadahdjcuybjonomhaorczkxmnuomkowwbeilkanmxwwkpkdqbivvkiopgntjuqkjenmifbwaaefcnnwcr&quot;,[&quot;hdj&quot;, &quot;ncm&quot;, &quot;omk&quot;, &quot;var&quot;, &quot;mmk&quot;, ...])" methodname="GetLongestCommonSequenceTestRandom" classname="Open_Lab_04._13.Tests" runstate="Runnable" seed="435093142" result="Passed" start-time="2021-12-29 08:36:44Z" end-time="2021-12-29 08:36:44Z" duration="0.002788" asserts="1" />
            <test-case id="1101" name="GetLongestCommonSequenceTestRandom(&quot;lbtbmtpsfxgdsgmnfcyukzlvufcmbsqrsvfiqdbtsmwzuwmypahtewnlpxggqdqmgplwbewbbfcydlbytewblxnwhtssxucovjtflpwldgsztphdwinmhpbibpohledhcnctswmdhkxfeocsmovpgphgikdvaoazclwfnnlavkfwswenmwvwjoangwlhsqcskxctrxfzduuwklnmgpietdqnkizqceheimlutkvprwtotedviyadhyzhhojjxowymqoxzttwttmwjbugedhddewjmemebmrdzubdpgwpeekolcxgucetgsuitekugpugbjxoaqqyhsyzthykhgjzhywgasklvbipkdncfifelgmotvolfanafvzdnqohgfdgkjpquwfyafnbminedyfvohkoekpouyxgdfdkgyrjuozzixrfdkdiahrcyamjhqebhhygecxfgvazhkggtkljvpgvnbmgmhce&quot;,&quot;yrazkaamxbegsuntgqweugsadscqrtzswojsfhijkxxobovgymfqfzqrzavsykveclkekvnyinuwjdzoxvrenimxxssflpkzbsmqeqvdyhiseuiwbhucsqquyngscinscuvqrikgzofgzusdkweduihkbsrrkdaqtqpkzrfsxocdlkudvdifdjxunkoyrtwwopnjfhesrmggfdzrxnvgvumjsuxocgaesfpvxlynypordqokkxbdxpbtcdqlkppllcoandumpiif&quot;,[&quot;flp&quot;, &quot;oan&quot;, &quot;gsu&quot;, &quot;gfd&quot;])" fullname="Open_Lab_04._13.Tests.GetLongestCommonSequenceTestRandom(&quot;lbtbmtpsfxgdsgmnfcyukzlvufcmbsqrsvfiqdbtsmwzuwmypahtewnlpxggqdqmgplwbewbbfcydlbytewblxnwhtssxucovjtflpwldgsztphdwinmhpbibpohledhcnctswmdhkxfeocsmovpgphgikdvaoazclwfnnlavkfwswenmwvwjoangwlhsqcskxctrxfzduuwklnmgpietdqnkizqceheimlutkvprwtotedviyadhyzhhojjxowymqoxzttwttmwjbugedhddewjmemebmrdzubdpgwpeekolcxgucetgsuitekugpugbjxoaqqyhsyzthykhgjzhywgasklvbipkdncfifelgmotvolfanafvzdnqohgfdgkjpquwfyafnbminedyfvohkoekpouyxgdfdkgyrjuozzixrfdkdiahrcyamjhqebhhygecxfgvazhkggtkljvpgvnbmgmhce&quot;,&quot;yrazkaamxbegsuntgqweugsadscqrtzswojsfhijkxxobovgymfqfzqrzavsykveclkekvnyinuwjdzoxvrenimxxssflpkzbsmqeqvdyhiseuiwbhucsqquyngscinscuvqrikgzofgzusdkweduihkbsrrkdaqtqpkzrfsxocdlkudvdifdjxunkoyrtwwopnjfhesrmggfdzrxnvgvumjsuxocgaesfpvxlynypordqokkxbdxpbtcdqlkppllcoandumpiif&quot;,[&quot;flp&quot;, &quot;oan&quot;, &quot;gsu&quot;, &quot;gfd&quot;])" methodname="GetLongestCommonSequenceTestRandom" classname="Open_Lab_04._13.Tests" runstate="Runnable" seed="1437612822" result="Passed" start-time="2021-12-29 08:36:44Z" end-time="2021-12-29 08:36:44Z" duration="0.002019" asserts="1" />
          </test-suite>
        </test-suite>
      </test-suite>
    </test-suite>
  </test-suite>
</test-run>